mode: atomic
github.com/zyvorai/transiva/cmd/completion/bash.go:7.2,161.1 1 4
github.com/zyvorai/transiva/cmd/completion/completion.go:24.2,24.15 1 10
github.com/zyvorai/transiva/cmd/completion/completion.go:26.3,26.31 1 3
github.com/zyvorai/transiva/cmd/completion/completion.go:28.3,28.30 1 3
github.com/zyvorai/transiva/cmd/completion/completion.go:30.3,30.31 1 3
github.com/zyvorai/transiva/cmd/completion/completion.go:32.3,32.85 1 1
github.com/zyvorai/transiva/cmd/completion/completion.go:38.2,38.15 1 4
github.com/zyvorai/transiva/cmd/completion/completion.go:40.3,50.2 1 1
github.com/zyvorai/transiva/cmd/completion/completion.go:52.3,61.2 1 1
github.com/zyvorai/transiva/cmd/completion/completion.go:63.3,69.2 1 1
github.com/zyvorai/transiva/cmd/completion/completion.go:71.3,71.12 1 1
github.com/zyvorai/transiva/cmd/completion/completion.go:77.2,78.1 1 1
github.com/zyvorai/transiva/cmd/completion/fish.go:7.2,90.1 1 4
github.com/zyvorai/transiva/cmd/completion/zsh.go:7.2,134.1 1 4
github.com/zyvorai/transiva/cmd/hyperconvert/main.go:22.2,30.1 9 0
github.com/zyvorai/transiva/cmd/hyperconvert/main.go:31.2,31.18 9 0
github.com/zyvorai/transiva/cmd/hyperconvert/main.go:32.3,34.1 2 0
github.com/zyvorai/transiva/cmd/hyperconvert/main.go:36.2,36.23 1 0
github.com/zyvorai/transiva/cmd/hyperconvert/main.go:37.3,40.1 3 0
github.com/zyvorai/transiva/cmd/hyperconvert/main.go:43.2,44.1 2 0
github.com/zyvorai/transiva/cmd/hyperconvert/main.go:46.2,46.11 2 0
github.com/zyvorai/transiva/cmd/hyperconvert/main.go:47.3,49.1 2 0
github.com/zyvorai/transiva/cmd/hyperconvert/main.go:52.2,53.40 2 0
github.com/zyvorai/transiva/cmd/hyperconvert/main.go:54.3,55.17 2 0
github.com/zyvorai/transiva/cmd/hyperconvert/main.go:56.4,58.1 2 0
github.com/zyvorai/transiva/cmd/hyperconvert/main.go:59.3,60.63 2 0
github.com/zyvorai/transiva/cmd/hyperconvert/main.go:64.2,65.40 2 0
github.com/zyvorai/transiva/cmd/hyperconvert/main.go:66.3,68.1 2 0
github.com/zyvorai/transiva/cmd/hyperconvert/main.go:71.2,72.22 2 0
github.com/zyvorai/transiva/cmd/hyperconvert/main.go:73.3,75.1 2 0
github.com/zyvorai/transiva/cmd/hyperconvert/main.go:78.2,79.1 8 0
github.com/zyvorai/transiva/cmd/hyperconvert/main.go:81.2,85.1 8 0
github.com/zyvorai/transiva/cmd/hyperconvert/main.go:87.2,89.1 8 0
github.com/zyvorai/transiva/cmd/hyperconvert/main.go:90.2,90.71 8 0
github.com/zyvorai/transiva/cmd/hyperconvert/main.go:92.3,92.52 1 0
github.com/zyvorai/transiva/cmd/hyperconvert/main.go:93.4,94.1 1 0
github.com/zyvorai/transiva/cmd/hyperconvert/main.go:95.3,96.1 2 0
github.com/zyvorai/transiva/cmd/hyperconvert/main.go:97.3,97.25 2 0
github.com/zyvorai/transiva/cmd/hyperconvert/main.go:98.4,102.1 1 0
github.com/zyvorai/transiva/cmd/hyperconvert/main.go:104.3,105.38 2 0
github.com/zyvorai/transiva/cmd/hyperconvert/main.go:109.2,112.1 6 0
github.com/zyvorai/transiva/cmd/hyperconvert/main.go:113.2,115.1 6 0
github.com/zyvorai/transiva/cmd/hyperconvert/main.go:116.2,116.24 6 0
github.com/zyvorai/transiva/cmd/hyperconvert/main.go:117.3,117.55 1 0
github.com/zyvorai/transiva/cmd/hyperconvert/main.go:118.4,119.1 1 0
github.com/zyvorai/transiva/cmd/hyperconvert/main.go:122.2,122.16 1 0
github.com/zyvorai/transiva/cmd/hyperconvert/main.go:123.3,125.1 2 0
github.com/zyvorai/transiva/cmd/hyperconvert/main.go:128.2,138.26 2 0
github.com/zyvorai/transiva/cmd/hyperconvert/main.go:139.3,140.1 1 0
github.com/zyvorai/transiva/cmd/hyperconvert/main.go:142.2,142.27 1 0
github.com/zyvorai/transiva/cmd/hyperconvert/main.go:143.3,145.1 2 0
github.com/zyvorai/transiva/cmd/hyperconvert/main.go:149.2,150.16 2 0
github.com/zyvorai/transiva/cmd/hyperconvert/main.go:151.3,153.1 2 0
github.com/zyvorai/transiva/cmd/hyperconvert/main.go:155.2,162.26 2 0
github.com/zyvorai/transiva/cmd/hyperconvert/main.go:163.3,164.1 1 0
github.com/zyvorai/transiva/cmd/hyperconvert/main.go:166.2,166.28 1 0
github.com/zyvorai/transiva/cmd/hyperconvert/main.go:167.3,169.41 3 0
github.com/zyvorai/transiva/cmd/hyperconvert/main.go:170.4,171.1 1 0
github.com/zyvorai/transiva/cmd/hyperconvert/main.go:176.2,177.18 2 0
github.com/zyvorai/transiva/cmd/hyperconvert/main.go:178.3,179.1 1 0
github.com/zyvorai/transiva/cmd/hyperconvert/main.go:180.2,181.46 2 0
github.com/zyvorai/transiva/cmd/hyperconvert/main.go:182.3,184.1 2 0
github.com/zyvorai/transiva/cmd/hyperconvert/main.go:185.2,185.77 1 0
github.com/zyvorai/transiva/config/config.go:209.2,214.1 6 4
github.com/zyvorai/transiva/config/config.go:215.2,238.1 6 4
github.com/zyvorai/transiva/config/config.go:244.2,245.16 2 8
github.com/zyvorai/transiva/config/config.go:246.3,247.1 1 1
github.com/zyvorai/transiva/config/config.go:249.2,250.50 2 7
github.com/zyvorai/transiva/config/config.go:251.3,252.1 1 1
github.com/zyvorai/transiva/config/config.go:255.2,255.22 1 6
github.com/zyvorai/transiva/config/config.go:256.3,257.1 1 6
github.com/zyvorai/transiva/config/config.go:258.2,258.30 1 6
github.com/zyvorai/transiva/config/config.go:259.3,260.1 1 5
github.com/zyvorai/transiva/config/config.go:261.2,261.24 1 6
github.com/zyvorai/transiva/config/config.go:262.3,263.1 1 6
github.com/zyvorai/transiva/config/config.go:264.2,264.28 1 6
github.com/zyvorai/transiva/config/config.go:265.3,266.1 1 6
github.com/zyvorai/transiva/config/config.go:267.2,267.25 1 6
github.com/zyvorai/transiva/config/config.go:268.3,269.1 1 6
github.com/zyvorai/transiva/config/config.go:270.2,270.24 1 6
github.com/zyvorai/transiva/config/config.go:271.3,272.1 1 5
github.com/zyvorai/transiva/config/config.go:273.2,273.29 1 6
github.com/zyvorai/transiva/config/config.go:274.3,275.1 1 6
github.com/zyvorai/transiva/config/config.go:276.2,276.26 1 6
github.com/zyvorai/transiva/config/config.go:277.3,278.1 1 6
github.com/zyvorai/transiva/config/config.go:279.2,279.26 1 6
github.com/zyvorai/transiva/config/config.go:280.3,281.1 1 5
github.com/zyvorai/transiva/config/config.go:284.2,284.31 1 6
github.com/zyvorai/transiva/config/config.go:285.3,290.1 1 4
github.com/zyvorai/transiva/config/config.go:292.3,292.45 1 2
github.com/zyvorai/transiva/config/config.go:293.4,294.1 1 1
github.com/zyvorai/transiva/config/config.go:295.3,295.42 1 2
github.com/zyvorai/transiva/config/config.go:296.4,297.1 1 2
github.com/zyvorai/transiva/config/config.go:298.3,298.50 1 2
github.com/zyvorai/transiva/config/config.go:299.4,300.1 1 2
github.com/zyvorai/transiva/config/config.go:304.2,304.28 1 6
github.com/zyvorai/transiva/config/config.go:305.3,306.1 1 6
github.com/zyvorai/transiva/config/config.go:309.2,309.30 1 6
github.com/zyvorai/transiva/config/config.go:310.3,310.35 1 0
github.com/zyvorai/transiva/config/config.go:311.4,312.1 1 0
github.com/zyvorai/transiva/config/config.go:313.3,313.33 1 0
github.com/zyvorai/transiva/config/config.go:314.4,315.1 1 0
github.com/zyvorai/transiva/config/config.go:319.2,319.20 1 6
github.com/zyvorai/transiva/config/config.go:320.3,324.1 1 5
github.com/zyvorai/transiva/config/config.go:326.3,326.27 1 1
github.com/zyvorai/transiva/config/config.go:327.4,328.1 1 1
github.com/zyvorai/transiva/config/config.go:329.3,329.33 1 1
github.com/zyvorai/transiva/config/config.go:330.4,331.1 1 1
github.com/zyvorai/transiva/config/config.go:335.2,335.22 1 6
github.com/zyvorai/transiva/config/config.go:336.3,340.1 1 5
github.com/zyvorai/transiva/config/config.go:342.3,342.31 1 1
github.com/zyvorai/transiva/config/config.go:343.4,344.1 1 1
github.com/zyvorai/transiva/config/config.go:345.3,345.35 1 1
github.com/zyvorai/transiva/config/config.go:346.4,347.1 1 1
github.com/zyvorai/transiva/config/config.go:351.2,351.20 1 6
github.com/zyvorai/transiva/config/config.go:352.3,357.1 1 5
github.com/zyvorai/transiva/config/config.go:359.3,359.25 1 1
github.com/zyvorai/transiva/config/config.go:360.4,361.1 1 1
github.com/zyvorai/transiva/config/config.go:362.3,362.27 1 1
github.com/zyvorai/transiva/config/config.go:363.4,364.1 1 1
github.com/zyvorai/transiva/config/config.go:365.3,365.33 1 1
github.com/zyvorai/transiva/config/config.go:366.4,367.1 1 1
github.com/zyvorai/transiva/config/config.go:371.2,371.23 1 6
github.com/zyvorai/transiva/config/config.go:372.3,378.1 1 5
github.com/zyvorai/transiva/config/config.go:380.3,380.32 1 1
github.com/zyvorai/transiva/config/config.go:381.4,381.27 1 1
github.com/zyvorai/transiva/config/config.go:382.5,383.1 1 1
github.com/zyvorai/transiva/config/config.go:384.5,385.1 1 0
github.com/zyvorai/transiva/config/config.go:387.3,387.36 1 1
github.com/zyvorai/transiva/config/config.go:388.4,389.1 1 1
github.com/zyvorai/transiva/config/config.go:393.2,393.20 1 6
github.com/zyvorai/transiva/config/config.go:394.3,398.1 1 5
github.com/zyvorai/transiva/config/config.go:400.3,400.27 1 1
github.com/zyvorai/transiva/config/config.go:401.4,402.1 1 1
github.com/zyvorai/transiva/config/config.go:403.3,403.33 1 1
github.com/zyvorai/transiva/config/config.go:404.4,405.1 1 1
github.com/zyvorai/transiva/config/config.go:409.2,409.26 1 6
github.com/zyvorai/transiva/config/config.go:410.3,415.1 1 5
github.com/zyvorai/transiva/config/config.go:417.3,417.37 1 1
github.com/zyvorai/transiva/config/config.go:418.4,419.1 1 1
github.com/zyvorai/transiva/config/config.go:420.3,420.42 1 1
github.com/zyvorai/transiva/config/config.go:421.4,422.1 1 1
github.com/zyvorai/transiva/config/config.go:423.3,423.39 1 1
github.com/zyvorai/transiva/config/config.go:424.4,425.1 1 1
github.com/zyvorai/transiva/config/config.go:429.2,429.29 1 6
github.com/zyvorai/transiva/config/config.go:430.3,434.1 1 6
github.com/zyvorai/transiva/config/config.go:436.3,436.38 1 0
github.com/zyvorai/transiva/config/config.go:437.4,438.1 1 0
github.com/zyvorai/transiva/config/config.go:439.3,439.42 1 0
github.com/zyvorai/transiva/config/config.go:440.4,441.1 1 0
github.com/zyvorai/transiva/config/config.go:445.2,445.24 1 6
github.com/zyvorai/transiva/config/config.go:446.3,451.1 1 5
github.com/zyvorai/transiva/config/config.go:453.3,453.28 1 1
github.com/zyvorai/transiva/config/config.go:454.4,455.1 1 1
github.com/zyvorai/transiva/config/config.go:456.3,456.37 1 1
github.com/zyvorai/transiva/config/config.go:457.4,458.1 1 1
github.com/zyvorai/transiva/config/config.go:462.2,462.24 1 6
github.com/zyvorai/transiva/config/config.go:463.3,471.1 1 6
github.com/zyvorai/transiva/config/config.go:473.3,473.28 1 0
github.com/zyvorai/transiva/config/config.go:474.4,475.1 1 0
github.com/zyvorai/transiva/config/config.go:476.3,476.32 1 0
github.com/zyvorai/transiva/config/config.go:477.4,478.1 1 0
github.com/zyvorai/transiva/config/config.go:479.3,479.37 1 0
github.com/zyvorai/transiva/config/config.go:480.4,481.1 1 0
github.com/zyvorai/transiva/config/config.go:482.3,482.37 1 0
github.com/zyvorai/transiva/config/config.go:483.4,484.1 1 0
github.com/zyvorai/transiva/config/config.go:487.2,487.17 1 6
github.com/zyvorai/transiva/config/config.go:492.2,493.1 2 2
github.com/zyvorai/transiva/config/config.go:495.2,495.29 2 2
github.com/zyvorai/transiva/config/config.go:496.3,497.1 1 2
github.com/zyvorai/transiva/config/config.go:498.2,498.27 1 2
github.com/zyvorai/transiva/config/config.go:499.3,500.1 1 1
github.com/zyvorai/transiva/config/config.go:501.2,501.27 1 2
github.com/zyvorai/transiva/config/config.go:502.3,503.1 1 1
github.com/zyvorai/transiva/config/config.go:504.2,504.38 1 2
github.com/zyvorai/transiva/config/config.go:505.3,506.1 1 1
github.com/zyvorai/transiva/config/config.go:507.2,507.41 1 2
github.com/zyvorai/transiva/config/config.go:508.3,509.1 1 1
github.com/zyvorai/transiva/config/config.go:510.2,510.34 1 2
github.com/zyvorai/transiva/config/config.go:511.3,512.1 1 2
github.com/zyvorai/transiva/config/config.go:513.2,513.36 1 2
github.com/zyvorai/transiva/config/config.go:514.3,515.1 1 1
github.com/zyvorai/transiva/config/config.go:517.2,517.10 1 2
github.com/zyvorai/transiva/config/config.go:521.2,521.42 1 48
github.com/zyvorai/transiva/config/config.go:522.3,523.1 1 8
github.com/zyvorai/transiva/config/config.go:524.2,524.21 1 40
github.com/zyvorai/transiva/daemon/audit/audit.go:92.2,92.53 1 13
github.com/zyvorai/transiva/daemon/audit/audit.go:93.3,94.1 1 1
github.com/zyvorai/transiva/daemon/audit/audit.go:96.2,101.1 2 12
github.com/zyvorai/transiva/daemon/audit/audit.go:103.2,103.41 2 12
github.com/zyvorai/transiva/daemon/audit/audit.go:104.3,105.1 1 0
github.com/zyvorai/transiva/daemon/audit/audit.go:108.2,109.1 2 12
github.com/zyvorai/transiva/daemon/audit/audit.go:110.2,110.16 2 12
github.com/zyvorai/transiva/daemon/audit/audit.go:115.2,117.1 3 172
github.com/zyvorai/transiva/daemon/audit/audit.go:119.2,119.23 3 172
github.com/zyvorai/transiva/daemon/audit/audit.go:120.3,120.37 1 172
github.com/zyvorai/transiva/daemon/audit/audit.go:121.4,122.1 1 0
github.com/zyvorai/transiva/daemon/audit/audit.go:126.2,127.16 2 172
github.com/zyvorai/transiva/daemon/audit/audit.go:128.3,129.1 1 0
github.com/zyvorai/transiva/daemon/audit/audit.go:132.2,133.47 2 172
github.com/zyvorai/transiva/daemon/audit/audit.go:134.3,135.1 1 0
github.com/zyvorai/transiva/daemon/audit/audit.go:138.2,138.83 1 172
github.com/zyvorai/transiva/daemon/audit/audit.go:139.3,139.40 1 170
github.com/zyvorai/transiva/daemon/audit/audit.go:140.4,141.1 1 0
github.com/zyvorai/transiva/daemon/audit/audit.go:144.2,144.12 1 172
github.com/zyvorai/transiva/daemon/audit/audit.go:149.2,151.1 7 13
github.com/zyvorai/transiva/daemon/audit/audit.go:152.2,155.1 7 13
github.com/zyvorai/transiva/daemon/audit/audit.go:157.2,158.16 7 13
github.com/zyvorai/transiva/daemon/audit/audit.go:159.3,160.1 1 0
github.com/zyvorai/transiva/daemon/audit/audit.go:163.2,163.39 1 13
github.com/zyvorai/transiva/daemon/audit/audit.go:164.3,165.17 2 13
github.com/zyvorai/transiva/daemon/audit/audit.go:166.4,166.12 1 0
github.com/zyvorai/transiva/daemon/audit/audit.go:170.3,170.36 1 13
github.com/zyvorai/transiva/daemon/audit/audit.go:171.4,171.39 1 36
github.com/zyvorai/transiva/daemon/audit/audit.go:172.5,172.32 1 21
github.com/zyvorai/transiva/daemon/audit/audit.go:173.6,174.14 2 0
github.com/zyvorai/transiva/daemon/audit/audit.go:177.5,179.1 3 21
github.com/zyvorai/transiva/daemon/audit/audit.go:180.5,180.50 3 21
github.com/zyvorai/transiva/daemon/audit/audit.go:181.6,182.1 1 1
github.com/zyvorai/transiva/daemon/audit/audit.go:187.2,187.20 1 12
github.com/zyvorai/transiva/daemon/audit/audit.go:192.2,194.1 3 14
github.com/zyvorai/transiva/daemon/audit/audit.go:195.2,195.20 3 14
github.com/zyvorai/transiva/daemon/audit/audit.go:196.3,197.1 1 12
github.com/zyvorai/transiva/daemon/audit/audit.go:199.2,199.12 1 2
github.com/zyvorai/transiva/daemon/audit/audit.go:204.2,206.1 3 184
github.com/zyvorai/transiva/daemon/audit/audit.go:208.2,209.16 3 184
github.com/zyvorai/transiva/daemon/audit/audit.go:210.3,211.1 1 0
github.com/zyvorai/transiva/daemon/audit/audit.go:213.2,214.12 2 184
github.com/zyvorai/transiva/daemon/audit/audit.go:219.2,219.20 1 174
github.com/zyvorai/transiva/daemon/audit/audit.go:220.3,221.1 1 1
github.com/zyvorai/transiva/daemon/audit/audit.go:223.2,224.16 2 173
github.com/zyvorai/transiva/daemon/audit/audit.go:225.3,226.1 1 0
github.com/zyvorai/transiva/daemon/audit/audit.go:229.2,229.31 1 173
github.com/zyvorai/transiva/daemon/audit/audit.go:230.3,231.1 1 145
github.com/zyvorai/transiva/daemon/audit/audit.go:234.2,235.38 2 28
github.com/zyvorai/transiva/daemon/audit/audit.go:236.3,237.1 1 28
github.com/zyvorai/transiva/daemon/audit/audit.go:239.2,239.14 1 0
github.com/zyvorai/transiva/daemon/audit/audit.go:244.2,244.20 1 172
github.com/zyvorai/transiva/daemon/audit/audit.go:245.3,245.41 1 172
github.com/zyvorai/transiva/daemon/audit/audit.go:246.4,247.1 1 0
github.com/zyvorai/transiva/daemon/audit/audit.go:250.2,250.25 1 172
github.com/zyvorai/transiva/daemon/audit/audit.go:255.2,257.1 3 12
github.com/zyvorai/transiva/daemon/audit/audit.go:258.2,258.21 3 12
github.com/zyvorai/transiva/daemon/audit/audit.go:259.3,260.1 3 0
github.com/zyvorai/transiva/daemon/audit/audit.go:261.3,262.17 3 0
github.com/zyvorai/transiva/daemon/audit/audit.go:263.4,264.12 2 0
github.com/zyvorai/transiva/daemon/audit/audit.go:268.3,269.30 2 0
github.com/zyvorai/transiva/daemon/audit/audit.go:270.4,271.18 2 0
github.com/zyvorai/transiva/daemon/audit/audit.go:272.5,272.13 1 0
github.com/zyvorai/transiva/daemon/audit/audit.go:275.4,275.37 1 0
github.com/zyvorai/transiva/daemon/audit/audit.go:276.5,276.43 1 0
github.com/zyvorai/transiva/daemon/audit/audit.go:277.6,278.1 1 0
github.com/zyvorai/transiva/daemon/audit/audit.go:282.3,282.17 1 0
github.com/zyvorai/transiva/daemon/audit/audit.go:289.2,290.16 2 13
github.com/zyvorai/transiva/daemon/audit/audit.go:291.3,292.1 1 0
github.com/zyvorai/transiva/daemon/audit/audit.go:294.2,296.1 3 13
github.com/zyvorai/transiva/daemon/audit/audit.go:297.2,297.29 3 13
github.com/zyvorai/transiva/daemon/audit/audit.go:298.3,298.17 1 41
github.com/zyvorai/transiva/daemon/audit/audit.go:299.4,299.12 1 0
github.com/zyvorai/transiva/daemon/audit/audit.go:302.3,303.62 2 41
github.com/zyvorai/transiva/daemon/audit/audit.go:304.4,304.12 1 0
github.com/zyvorai/transiva/daemon/audit/audit.go:307.3,307.34 1 41
github.com/zyvorai/transiva/daemon/audit/audit.go:310.2,310.20 1 13
github.com/zyvorai/transiva/daemon/audit/audit.go:315.2,315.74 1 36
github.com/zyvorai/transiva/daemon/audit/audit.go:316.3,317.1 1 2
github.com/zyvorai/transiva/daemon/audit/audit.go:319.2,319.69 1 34
github.com/zyvorai/transiva/daemon/audit/audit.go:320.3,321.1 1 2
github.com/zyvorai/transiva/daemon/audit/audit.go:323.2,323.64 1 32
github.com/zyvorai/transiva/daemon/audit/audit.go:324.3,325.1 1 3
github.com/zyvorai/transiva/daemon/audit/audit.go:327.2,327.67 1 29
github.com/zyvorai/transiva/daemon/audit/audit.go:328.3,329.1 1 3
github.com/zyvorai/transiva/daemon/audit/audit.go:331.2,331.58 1 26
github.com/zyvorai/transiva/daemon/audit/audit.go:332.3,333.1 1 4
github.com/zyvorai/transiva/daemon/audit/audit.go:335.2,335.64 1 22
github.com/zyvorai/transiva/daemon/audit/audit.go:336.3,337.1 1 1
github.com/zyvorai/transiva/daemon/audit/audit.go:339.2,339.13 1 21
github.com/zyvorai/transiva/daemon/audit/audit.go:344.2,347.1 1 28
github.com/zyvorai/transiva/daemon/audit/audit.go:350.2,352.1 3 13
github.com/zyvorai/transiva/daemon/audit/audit.go:353.2,353.30 3 13
github.com/zyvorai/transiva/daemon/audit/audit.go:354.3,354.19 1 6377
github.com/zyvorai/transiva/daemon/audit/audit.go:355.4,357.1 2 41
github.com/zyvorai/transiva/daemon/audit/audit.go:360.2,360.20 1 13
github.com/zyvorai/transiva/daemon/audit/audit.go:361.3,362.1 1 0
github.com/zyvorai/transiva/daemon/audit/audit.go:364.2,364.14 1 13
github.com/zyvorai/transiva/daemon/audit/audit.go:369.2,375.1 1 163
github.com/zyvorai/transiva/daemon/audit/audit.go:380.2,381.1 1 163
github.com/zyvorai/transiva/daemon/auth/pam_auth.go:25.2,26.1 1 4
github.com/zyvorai/transiva/daemon/auth/pam_auth.go:44.2,46.1 3 17
github.com/zyvorai/transiva/daemon/auth/pam_auth.go:49.2,50.1 3 17
github.com/zyvorai/transiva/daemon/auth/pam_auth.go:51.2,52.1 3 17
github.com/zyvorai/transiva/daemon/auth/pam_auth.go:62.2,62.32 1 4
github.com/zyvorai/transiva/daemon/auth/pam_auth.go:63.3,64.1 1 0
github.com/zyvorai/transiva/daemon/auth/pam_auth.go:69.2,70.40 2 4
github.com/zyvorai/transiva/daemon/auth/pam_auth.go:71.3,72.1 1 1
github.com/zyvorai/transiva/daemon/auth/pam_auth.go:79.2,80.16 2 3
github.com/zyvorai/transiva/daemon/auth/pam_auth.go:81.3,82.1 1 0
github.com/zyvorai/transiva/daemon/auth/pam_auth.go:84.2,89.1 5 3
github.com/zyvorai/transiva/daemon/auth/pam_auth.go:91.2,94.1 5 3
github.com/zyvorai/transiva/daemon/auth/pam_auth.go:95.2,95.21 5 3
github.com/zyvorai/transiva/daemon/auth/pam_auth.go:100.2,102.1 4 31
github.com/zyvorai/transiva/daemon/auth/pam_auth.go:103.2,104.9 4 31
github.com/zyvorai/transiva/daemon/auth/pam_auth.go:105.3,106.1 1 6
github.com/zyvorai/transiva/daemon/auth/pam_auth.go:108.2,108.41 1 25
github.com/zyvorai/transiva/daemon/auth/pam_auth.go:109.3,110.1 1 2
github.com/zyvorai/transiva/daemon/auth/pam_auth.go:112.2,112.21 1 23
github.com/zyvorai/transiva/daemon/auth/pam_auth.go:117.2,120.1 3 17
github.com/zyvorai/transiva/daemon/auth/pam_auth.go:124.2,126.1 3 17
github.com/zyvorai/transiva/daemon/auth/pam_auth.go:127.2,127.21 3 17
github.com/zyvorai/transiva/daemon/auth/pam_auth.go:128.3,130.43 3 0
github.com/zyvorai/transiva/daemon/auth/pam_auth.go:131.4,131.36 1 0
github.com/zyvorai/transiva/daemon/auth/pam_auth.go:132.5,133.1 1 0
github.com/zyvorai/transiva/daemon/auth/pam_auth.go:135.3,135.17 1 0
github.com/zyvorai/transiva/daemon/auth/pam_auth.go:141.2,142.40 2 1005
github.com/zyvorai/transiva/daemon/auth/pam_auth.go:143.3,144.1 1 0
github.com/zyvorai/transiva/daemon/auth/pam_auth.go:145.2,145.50 1 1005
github.com/zyvorai/transiva/daemon/capabilities/detector.go:45.2,48.1 1 26
github.com/zyvorai/transiva/daemon/capabilities/detector.go:53.2,54.1 5 14
github.com/zyvorai/transiva/daemon/capabilities/detector.go:56.2,58.1 5 14
github.com/zyvorai/transiva/daemon/capabilities/detector.go:59.2,67.1 5 14
github.com/zyvorai/transiva/daemon/capabilities/detector.go:69.2,69.28 5 14
github.com/zyvorai/transiva/daemon/capabilities/detector.go:70.3,71.67 2 56
github.com/zyvorai/transiva/daemon/capabilities/detector.go:72.4,75.1 3 56
github.com/zyvorai/transiva/daemon/capabilities/detector.go:79.2,79.12 1 14
github.com/zyvorai/transiva/daemon/capabilities/detector.go:80.3,82.1 2 14
github.com/zyvorai/transiva/daemon/capabilities/detector.go:85.2,86.30 2 14
github.com/zyvorai/transiva/daemon/capabilities/detector.go:87.3,88.20 2 56
github.com/zyvorai/transiva/daemon/capabilities/detector.go:89.4,94.1 1 17
github.com/zyvorai/transiva/daemon/capabilities/detector.go:95.4,96.1 1 39
github.com/zyvorai/transiva/daemon/capabilities/detector.go:98.2,99.1 2 14
github.com/zyvorai/transiva/daemon/capabilities/detector.go:100.2,100.12 2 14
github.com/zyvorai/transiva/daemon/capabilities/detector.go:105.2,107.1 4 23
github.com/zyvorai/transiva/daemon/capabilities/detector.go:109.2,110.35 4 23
github.com/zyvorai/transiva/daemon/capabilities/detector.go:111.3,113.1 2 90
github.com/zyvorai/transiva/daemon/capabilities/detector.go:114.2,114.13 1 23
github.com/zyvorai/transiva/daemon/capabilities/detector.go:119.2,121.1 4 19
github.com/zyvorai/transiva/daemon/capabilities/detector.go:123.2,128.1 4 19
github.com/zyvorai/transiva/daemon/capabilities/detector.go:130.2,130.39 4 19
github.com/zyvorai/transiva/daemon/capabilities/detector.go:131.3,131.69 1 62
github.com/zyvorai/transiva/daemon/capabilities/detector.go:132.4,133.1 1 17
github.com/zyvorai/transiva/daemon/capabilities/detector.go:137.2,137.24 1 2
github.com/zyvorai/transiva/daemon/capabilities/detector.go:143.2,144.1 1 1
github.com/zyvorai/transiva/daemon/capabilities/detector.go:148.2,150.1 4 16
github.com/zyvorai/transiva/daemon/capabilities/detector.go:151.2,153.1 4 16
github.com/zyvorai/transiva/daemon/capabilities/detector.go:157.2,162.1 3 18
github.com/zyvorai/transiva/daemon/capabilities/detector.go:165.2,166.16 3 18
github.com/zyvorai/transiva/daemon/capabilities/detector.go:167.3,168.1 1 16
github.com/zyvorai/transiva/daemon/capabilities/detector.go:170.2,171.1 6 2
github.com/zyvorai/transiva/daemon/capabilities/detector.go:173.2,175.1 6 2
github.com/zyvorai/transiva/daemon/capabilities/detector.go:176.2,178.16 6 2
github.com/zyvorai/transiva/daemon/capabilities/detector.go:180.3,183.1 3 2
github.com/zyvorai/transiva/daemon/capabilities/detector.go:186.2,189.1 4 0
github.com/zyvorai/transiva/daemon/capabilities/detector.go:190.2,190.12 4 0
github.com/zyvorai/transiva/daemon/capabilities/detector.go:195.2,200.1 3 16
github.com/zyvorai/transiva/daemon/capabilities/detector.go:203.2,204.16 3 16
github.com/zyvorai/transiva/daemon/capabilities/detector.go:205.3,206.1 1 15
github.com/zyvorai/transiva/daemon/capabilities/detector.go:208.2,209.1 6 1
github.com/zyvorai/transiva/daemon/capabilities/detector.go:211.2,213.1 6 1
github.com/zyvorai/transiva/daemon/capabilities/detector.go:214.2,216.16 6 1
github.com/zyvorai/transiva/daemon/capabilities/detector.go:217.3,220.1 3 1
github.com/zyvorai/transiva/daemon/capabilities/detector.go:223.2,226.1 4 0
github.com/zyvorai/transiva/daemon/capabilities/detector.go:227.2,227.12 4 0
github.com/zyvorai/transiva/daemon/capabilities/detector.go:232.2,237.1 3 16
github.com/zyvorai/transiva/daemon/capabilities/detector.go:240.2,241.16 3 16
github.com/zyvorai/transiva/daemon/capabilities/detector.go:242.3,243.1 1 15
github.com/zyvorai/transiva/daemon/capabilities/detector.go:245.2,246.1 6 1
github.com/zyvorai/transiva/daemon/capabilities/detector.go:248.2,250.1 6 1
github.com/zyvorai/transiva/daemon/capabilities/detector.go:251.2,253.16 6 1
github.com/zyvorai/transiva/daemon/capabilities/detector.go:254.3,257.1 3 1
github.com/zyvorai/transiva/daemon/capabilities/detector.go:260.2,261.29 2 0
github.com/zyvorai/transiva/daemon/capabilities/detector.go:262.3,262.47 1 0
github.com/zyvorai/transiva/daemon/capabilities/detector.go:263.4,264.9 2 0
github.com/zyvorai/transiva/daemon/capabilities/detector.go:268.2,268.23 1 0
github.com/zyvorai/transiva/daemon/capabilities/detector.go:269.3,270.1 1 0
github.com/zyvorai/transiva/daemon/capabilities/detector.go:272.2,273.12 2 0
github.com/zyvorai/transiva/daemon/capabilities/detector.go:278.2,285.1 1 16
github.com/zyvorai/transiva/daemon/config/validator.go:27.2,28.1 1 1
github.com/zyvorai/transiva/daemon/config/validator.go:39.2,45.1 2 127
github.com/zyvorai/transiva/daemon/config/validator.go:49.2,50.1 1 147
github.com/zyvorai/transiva/daemon/config/validator.go:141.2,144.1 1 45
github.com/zyvorai/transiva/daemon/config/validator.go:149.2,158.1 10 45
github.com/zyvorai/transiva/daemon/config/validator.go:159.2,160.1 10 45
github.com/zyvorai/transiva/daemon/config/validator.go:164.2,165.1 2 45
github.com/zyvorai/transiva/daemon/config/validator.go:167.2,167.34 2 45
github.com/zyvorai/transiva/daemon/config/validator.go:168.3,169.1 1 4
github.com/zyvorai/transiva/daemon/config/validator.go:172.2,172.18 1 45
github.com/zyvorai/transiva/daemon/config/validator.go:173.3,173.58 1 14
github.com/zyvorai/transiva/daemon/config/validator.go:174.4,175.1 1 1
github.com/zyvorai/transiva/daemon/config/validator.go:179.2,181.1 2 45
github.com/zyvorai/transiva/daemon/config/validator.go:182.2,182.50 2 45
github.com/zyvorai/transiva/daemon/config/validator.go:183.3,184.1 1 2
github.com/zyvorai/transiva/daemon/config/validator.go:187.2,187.19 1 45
github.com/zyvorai/transiva/daemon/config/validator.go:188.3,189.1 1 1
github.com/zyvorai/transiva/daemon/config/validator.go:189.9,189.38 1 44
github.com/zyvorai/transiva/daemon/config/validator.go:190.3,191.1 1 32
github.com/zyvorai/transiva/daemon/config/validator.go:194.2,194.23 1 45
github.com/zyvorai/transiva/daemon/config/validator.go:195.3,196.1 1 0
github.com/zyvorai/transiva/daemon/config/validator.go:196.9,196.31 1 45
github.com/zyvorai/transiva/daemon/config/validator.go:197.3,198.1 1 32
github.com/zyvorai/transiva/daemon/config/validator.go:203.2,204.1 2 45
github.com/zyvorai/transiva/daemon/config/validator.go:205.2,205.16 2 45
github.com/zyvorai/transiva/daemon/config/validator.go:206.3,207.1 1 38
github.com/zyvorai/transiva/daemon/config/validator.go:210.2,210.34 1 7
github.com/zyvorai/transiva/daemon/config/validator.go:211.3,212.1 1 1
github.com/zyvorai/transiva/daemon/config/validator.go:215.2,215.36 1 7
github.com/zyvorai/transiva/daemon/config/validator.go:216.3,217.1 1 1
github.com/zyvorai/transiva/daemon/config/validator.go:220.2,220.26 1 7
github.com/zyvorai/transiva/daemon/config/validator.go:221.3,222.1 1 2
github.com/zyvorai/transiva/daemon/config/validator.go:222.9,222.52 1 5
github.com/zyvorai/transiva/daemon/config/validator.go:223.3,224.1 1 3
github.com/zyvorai/transiva/daemon/config/validator.go:227.2,227.22 1 7
github.com/zyvorai/transiva/daemon/config/validator.go:228.3,229.1 1 4
github.com/zyvorai/transiva/daemon/config/validator.go:229.9,229.33 1 3
github.com/zyvorai/transiva/daemon/config/validator.go:230.3,231.1 1 0
github.com/zyvorai/transiva/daemon/config/validator.go:236.2,237.1 2 45
github.com/zyvorai/transiva/daemon/config/validator.go:239.2,239.22 2 45
github.com/zyvorai/transiva/daemon/config/validator.go:240.3,241.1 1 31
github.com/zyvorai/transiva/daemon/config/validator.go:241.9,241.32 1 14
github.com/zyvorai/transiva/daemon/config/validator.go:242.3,243.1 1 1
github.com/zyvorai/transiva/daemon/config/validator.go:246.2,246.24 1 45
github.com/zyvorai/transiva/daemon/config/validator.go:247.3,248.1 1 31
github.com/zyvorai/transiva/daemon/config/validator.go:248.9,248.37 1 14
github.com/zyvorai/transiva/daemon/config/validator.go:249.3,250.1 1 1
github.com/zyvorai/transiva/daemon/config/validator.go:253.2,253.26 1 45
github.com/zyvorai/transiva/daemon/config/validator.go:254.3,255.1 1 0
github.com/zyvorai/transiva/daemon/config/validator.go:255.9,255.45 1 45
github.com/zyvorai/transiva/daemon/config/validator.go:256.3,257.1 1 31
github.com/zyvorai/transiva/daemon/config/validator.go:262.2,263.1 3 45
github.com/zyvorai/transiva/daemon/config/validator.go:265.2,266.31 3 45
github.com/zyvorai/transiva/daemon/config/validator.go:267.3,268.1 1 28
github.com/zyvorai/transiva/daemon/config/validator.go:271.2,271.26 1 45
github.com/zyvorai/transiva/daemon/config/validator.go:272.3,272.24 1 4
github.com/zyvorai/transiva/daemon/config/validator.go:273.4,274.1 1 1
github.com/zyvorai/transiva/daemon/config/validator.go:275.4,275.55 1 3
github.com/zyvorai/transiva/daemon/config/validator.go:276.5,277.1 1 1
github.com/zyvorai/transiva/daemon/config/validator.go:280.3,280.38 1 4
github.com/zyvorai/transiva/daemon/config/validator.go:281.4,282.1 1 2
github.com/zyvorai/transiva/daemon/config/validator.go:286.2,286.25 1 45
github.com/zyvorai/transiva/daemon/config/validator.go:287.3,288.1 1 0
github.com/zyvorai/transiva/daemon/config/validator.go:288.9,288.40 1 45
github.com/zyvorai/transiva/daemon/config/validator.go:289.3,290.1 1 33
github.com/zyvorai/transiva/daemon/config/validator.go:293.2,293.22 1 45
github.com/zyvorai/transiva/daemon/config/validator.go:294.3,295.1 1 0
github.com/zyvorai/transiva/daemon/config/validator.go:295.9,295.40 1 45
github.com/zyvorai/transiva/daemon/config/validator.go:296.3,297.1 1 1
github.com/zyvorai/transiva/daemon/config/validator.go:302.2,303.1 2 45
github.com/zyvorai/transiva/daemon/config/validator.go:304.2,304.16 2 45
github.com/zyvorai/transiva/daemon/config/validator.go:305.3,306.1 1 38
github.com/zyvorai/transiva/daemon/config/validator.go:309.2,309.23 1 7
github.com/zyvorai/transiva/daemon/config/validator.go:310.3,311.1 1 1
github.com/zyvorai/transiva/daemon/config/validator.go:312.3,312.35 1 6
github.com/zyvorai/transiva/daemon/config/validator.go:313.4,314.1 1 1
github.com/zyvorai/transiva/daemon/config/validator.go:317.3,317.57 1 6
github.com/zyvorai/transiva/daemon/config/validator.go:318.4,318.57 1 2
github.com/zyvorai/transiva/daemon/config/validator.go:319.5,320.1 1 0
github.com/zyvorai/transiva/daemon/config/validator.go:325.2,325.22 1 7
github.com/zyvorai/transiva/daemon/config/validator.go:326.3,327.1 1 2
github.com/zyvorai/transiva/daemon/config/validator.go:330.2,330.25 1 7
github.com/zyvorai/transiva/daemon/config/validator.go:331.3,332.1 1 0
github.com/zyvorai/transiva/daemon/config/validator.go:332.9,332.33 1 7
github.com/zyvorai/transiva/daemon/config/validator.go:333.3,334.1 1 3
github.com/zyvorai/transiva/daemon/config/validator.go:337.2,337.20 1 7
github.com/zyvorai/transiva/daemon/config/validator.go:338.3,339.1 1 0
github.com/zyvorai/transiva/daemon/config/validator.go:339.9,339.37 1 7
github.com/zyvorai/transiva/daemon/config/validator.go:340.3,341.1 1 3
github.com/zyvorai/transiva/daemon/config/validator.go:346.2,347.1 2 45
github.com/zyvorai/transiva/daemon/config/validator.go:348.2,348.16 2 45
github.com/zyvorai/transiva/daemon/config/validator.go:349.3,350.1 1 40
github.com/zyvorai/transiva/daemon/config/validator.go:353.2,353.54 1 5
github.com/zyvorai/transiva/daemon/config/validator.go:354.3,355.1 1 0
github.com/zyvorai/transiva/daemon/config/validator.go:358.2,358.46 1 5
github.com/zyvorai/transiva/daemon/config/validator.go:359.3,360.1 1 1
github.com/zyvorai/transiva/daemon/config/validator.go:361.2,361.49 1 5
github.com/zyvorai/transiva/daemon/config/validator.go:362.3,363.1 1 1
github.com/zyvorai/transiva/daemon/config/validator.go:366.2,366.22 1 5
github.com/zyvorai/transiva/daemon/config/validator.go:367.3,367.25 1 1
github.com/zyvorai/transiva/daemon/config/validator.go:368.4,369.1 1 1
github.com/zyvorai/transiva/daemon/config/validator.go:370.4,370.53 1 0
github.com/zyvorai/transiva/daemon/config/validator.go:371.5,372.1 1 0
github.com/zyvorai/transiva/daemon/config/validator.go:379.2,380.1 2 45
github.com/zyvorai/transiva/daemon/config/validator.go:381.2,381.16 2 45
github.com/zyvorai/transiva/daemon/config/validator.go:382.3,383.1 1 41
github.com/zyvorai/transiva/daemon/config/validator.go:386.2,386.23 1 4
github.com/zyvorai/transiva/daemon/config/validator.go:387.3,388.1 1 1
github.com/zyvorai/transiva/daemon/config/validator.go:388.9,388.34 1 3
github.com/zyvorai/transiva/daemon/config/validator.go:389.3,390.1 1 2
github.com/zyvorai/transiva/daemon/config/validator.go:393.2,393.25 1 4
github.com/zyvorai/transiva/daemon/config/validator.go:394.3,395.1 1 1
github.com/zyvorai/transiva/daemon/config/validator.go:395.9,395.34 1 3
github.com/zyvorai/transiva/daemon/config/validator.go:396.3,397.1 1 1
github.com/zyvorai/transiva/daemon/config/validator.go:400.2,400.30 1 4
github.com/zyvorai/transiva/daemon/config/validator.go:401.3,402.1 1 2
github.com/zyvorai/transiva/daemon/config/validator.go:407.2,408.1 2 45
github.com/zyvorai/transiva/daemon/config/validator.go:409.2,409.16 2 45
github.com/zyvorai/transiva/daemon/config/validator.go:410.3,411.1 1 42
github.com/zyvorai/transiva/daemon/config/validator.go:414.2,414.26 1 3
github.com/zyvorai/transiva/daemon/config/validator.go:415.3,416.1 1 1
github.com/zyvorai/transiva/daemon/config/validator.go:419.2,419.21 1 3
github.com/zyvorai/transiva/daemon/config/validator.go:420.3,421.1 1 1
github.com/zyvorai/transiva/daemon/config/validator.go:421.9,421.43 1 2
github.com/zyvorai/transiva/daemon/config/validator.go:422.3,423.1 1 0
github.com/zyvorai/transiva/daemon/config/validator.go:428.2,429.1 3 45
github.com/zyvorai/transiva/daemon/config/validator.go:431.2,433.1 3 45
github.com/zyvorai/transiva/daemon/config/validator.go:434.2,434.44 3 45
github.com/zyvorai/transiva/daemon/config/validator.go:435.3,436.1 1 2
github.com/zyvorai/transiva/daemon/config/validator.go:439.2,440.46 2 45
github.com/zyvorai/transiva/daemon/config/validator.go:441.3,442.1 1 2
github.com/zyvorai/transiva/daemon/config/validator.go:445.2,445.68 1 45
github.com/zyvorai/transiva/daemon/config/validator.go:447.3,448.49 2 1
github.com/zyvorai/transiva/daemon/config/validator.go:449.4,450.1 1 1
github.com/zyvorai/transiva/daemon/config/validator.go:454.2,454.19 1 45
github.com/zyvorai/transiva/daemon/config/validator.go:455.3,456.1 1 1
github.com/zyvorai/transiva/daemon/config/validator.go:459.2,459.22 1 45
github.com/zyvorai/transiva/daemon/config/validator.go:460.3,461.1 1 1
github.com/zyvorai/transiva/daemon/config/validator.go:464.2,464.18 1 45
github.com/zyvorai/transiva/daemon/config/validator.go:465.3,466.1 1 1
github.com/zyvorai/transiva/daemon/config/validator.go:471.2,472.16 2 13
github.com/zyvorai/transiva/daemon/config/validator.go:473.3,474.1 1 3
github.com/zyvorai/transiva/daemon/config/validator.go:477.2,477.53 1 10
github.com/zyvorai/transiva/daemon/config/validator.go:479.3,479.29 1 2
github.com/zyvorai/transiva/daemon/config/validator.go:480.4,481.1 1 1
github.com/zyvorai/transiva/daemon/config/validator.go:485.2,486.16 2 9
github.com/zyvorai/transiva/daemon/config/validator.go:487.3,488.1 1 1
github.com/zyvorai/transiva/daemon/config/validator.go:489.2,489.30 1 8
github.com/zyvorai/transiva/daemon/config/validator.go:490.3,491.1 1 2
github.com/zyvorai/transiva/daemon/config/validator.go:493.2,493.12 1 6
github.com/zyvorai/transiva/daemon/config/validator.go:499.2,502.1 3 12
github.com/zyvorai/transiva/daemon/cache/cache.go:89.2,104.1 1 20
github.com/zyvorai/transiva/daemon/cache/cache.go:109.2,109.19 1 5
github.com/zyvorai/transiva/daemon/cache/cache.go:110.3,111.1 1 1
github.com/zyvorai/transiva/daemon/cache/cache.go:113.2,113.24 1 5
github.com/zyvorai/transiva/daemon/cache/cache.go:115.3,116.17 2 2
github.com/zyvorai/transiva/daemon/cache/cache.go:117.4,117.29 1 2
github.com/zyvorai/transiva/daemon/cache/cache.go:119.5,120.1 1 1
github.com/zyvorai/transiva/daemon/cache/cache.go:121.4,121.19 1 1
github.com/zyvorai/transiva/daemon/cache/cache.go:123.3,123.20 1 0
github.com/zyvorai/transiva/daemon/cache/cache.go:125.3,125.37 1 2
github.com/zyvorai/transiva/daemon/cache/cache.go:127.3,127.54 1 1
github.com/zyvorai/transiva/daemon/cache/cache.go:142.2,155.1 4 2
github.com/zyvorai/transiva/daemon/cache/cache.go:157.2,159.1 4 2
github.com/zyvorai/transiva/daemon/cache/cache.go:160.2,160.47 4 2
github.com/zyvorai/transiva/daemon/cache/cache.go:161.3,162.1 1 2
github.com/zyvorai/transiva/daemon/cache/cache.go:164.2,167.1 2 0
github.com/zyvorai/transiva/daemon/cache/cache.go:170.2,170.27 2 0
github.com/zyvorai/transiva/daemon/cache/cache.go:171.3,172.1 1 0
github.com/zyvorai/transiva/daemon/cache/cache.go:174.2,174.19 1 0
github.com/zyvorai/transiva/daemon/cache/cache.go:179.2,180.16 2 0
github.com/zyvorai/transiva/daemon/cache/cache.go:181.3,184.1 4 0
github.com/zyvorai/transiva/daemon/cache/cache.go:185.3,185.23 4 0
github.com/zyvorai/transiva/daemon/cache/cache.go:186.4,187.1 1 0
github.com/zyvorai/transiva/daemon/cache/cache.go:190.3,190.24 1 0
github.com/zyvorai/transiva/daemon/cache/cache.go:191.4,192.1 1 0
github.com/zyvorai/transiva/daemon/cache/cache.go:194.3,194.18 1 0
github.com/zyvorai/transiva/daemon/cache/cache.go:197.2,200.1 5 0
github.com/zyvorai/transiva/daemon/cache/cache.go:201.2,202.53 5 0
github.com/zyvorai/transiva/daemon/cache/cache.go:203.3,204.1 1 0
github.com/zyvorai/transiva/daemon/cache/cache.go:206.2,206.19 1 0
github.com/zyvorai/transiva/daemon/cache/cache.go:211.2,212.16 2 0
github.com/zyvorai/transiva/daemon/cache/cache.go:213.3,214.1 1 0
github.com/zyvorai/transiva/daemon/cache/cache.go:216.2,216.64 1 0
github.com/zyvorai/transiva/daemon/cache/cache.go:218.3,218.24 1 0
github.com/zyvorai/transiva/daemon/cache/cache.go:219.4,220.1 1 0
github.com/zyvorai/transiva/daemon/cache/cache.go:221.3,221.13 1 0
github.com/zyvorai/transiva/daemon/cache/cache.go:224.2,227.1 4 0
github.com/zyvorai/transiva/daemon/cache/cache.go:229.2,229.23 4 0
github.com/zyvorai/transiva/daemon/cache/cache.go:230.3,230.62 1 0
github.com/zyvorai/transiva/daemon/cache/cache.go:231.4,232.1 1 0
github.com/zyvorai/transiva/daemon/cache/cache.go:235.2,235.12 1 0
github.com/zyvorai/transiva/daemon/cache/cache.go:240.2,240.53 1 0
github.com/zyvorai/transiva/daemon/cache/cache.go:242.3,242.24 1 0
github.com/zyvorai/transiva/daemon/cache/cache.go:243.4,244.1 1 0
github.com/zyvorai/transiva/daemon/cache/cache.go:245.3,245.13 1 0
github.com/zyvorai/transiva/daemon/cache/cache.go:248.2,251.1 4 0
github.com/zyvorai/transiva/daemon/cache/cache.go:253.2,253.23 4 0
github.com/zyvorai/transiva/daemon/cache/cache.go:254.3,254.53 1 0
github.com/zyvorai/transiva/daemon/cache/cache.go:255.4,256.1 1 0
github.com/zyvorai/transiva/daemon/cache/cache.go:259.2,259.12 1 0
github.com/zyvorai/transiva/daemon/cache/cache.go:264.2,265.16 2 0
github.com/zyvorai/transiva/daemon/cache/cache.go:267.3,267.24 1 0
github.com/zyvorai/transiva/daemon/cache/cache.go:268.4,269.1 1 0
github.com/zyvorai/transiva/daemon/cache/cache.go:270.3,270.20 1 0
github.com/zyvorai/transiva/daemon/cache/cache.go:273.2,273.23 1 0
github.com/zyvorai/transiva/daemon/cache/cache.go:278.2,278.52 1 0
github.com/zyvorai/transiva/daemon/cache/cache.go:280.3,280.24 1 0
github.com/zyvorai/transiva/daemon/cache/cache.go:281.4,282.1 1 0
github.com/zyvorai/transiva/daemon/cache/cache.go:283.3,283.13 1 0
github.com/zyvorai/transiva/daemon/cache/cache.go:287.2,287.23 1 0
github.com/zyvorai/transiva/daemon/cache/cache.go:288.3,288.47 1 0
github.com/zyvorai/transiva/daemon/cache/cache.go:289.4,290.1 1 0
github.com/zyvorai/transiva/daemon/cache/cache.go:293.2,293.12 1 0
github.com/zyvorai/transiva/daemon/cache/cache.go:298.2,298.23 1 0
github.com/zyvorai/transiva/daemon/cache/cache.go:299.3,299.44 1 0
github.com/zyvorai/transiva/daemon/cache/cache.go:300.4,301.1 1 0
github.com/zyvorai/transiva/daemon/cache/cache.go:303.2,303.25 1 0
github.com/zyvorai/transiva/daemon/cache/cache.go:308.2,311.1 3 0
github.com/zyvorai/transiva/daemon/cache/cache.go:330.2,333.1 3 17
github.com/zyvorai/transiva/daemon/cache/cache.go:336.2,337.1 3 17
github.com/zyvorai/transiva/daemon/cache/cache.go:338.2,339.1 3 17
github.com/zyvorai/transiva/daemon/cache/cache.go:343.2,345.1 4 1019
github.com/zyvorai/transiva/daemon/cache/cache.go:346.2,347.13 4 1019
github.com/zyvorai/transiva/daemon/cache/cache.go:348.3,352.1 4 6
github.com/zyvorai/transiva/daemon/cache/cache.go:355.2,355.39 1 1013
github.com/zyvorai/transiva/daemon/cache/cache.go:356.3,360.1 4 3
github.com/zyvorai/transiva/daemon/cache/cache.go:362.2,365.1 4 1010
github.com/zyvorai/transiva/daemon/cache/cache.go:366.2,366.25 4 1010
github.com/zyvorai/transiva/daemon/cache/cache.go:371.2,373.1 6 1025
github.com/zyvorai/transiva/daemon/cache/cache.go:375.2,377.1 6 1025
github.com/zyvorai/transiva/daemon/cache/cache.go:379.2,380.47 6 1025
github.com/zyvorai/transiva/daemon/cache/cache.go:382.3,383.1 1 3
github.com/zyvorai/transiva/daemon/cache/cache.go:385.2,389.1 6 1025
github.com/zyvorai/transiva/daemon/cache/cache.go:391.2,395.1 6 1025
github.com/zyvorai/transiva/daemon/cache/cache.go:396.2,396.12 6 1025
github.com/zyvorai/transiva/daemon/cache/cache.go:401.2,403.1 8 6
github.com/zyvorai/transiva/daemon/cache/cache.go:404.2,405.1 8 6
github.com/zyvorai/transiva/daemon/cache/cache.go:406.2,410.1 8 6
github.com/zyvorai/transiva/daemon/cache/cache.go:411.2,412.1 8 6
github.com/zyvorai/transiva/daemon/cache/cache.go:416.2,418.1 4 15
github.com/zyvorai/transiva/daemon/cache/cache.go:419.2,420.13 4 15
github.com/zyvorai/transiva/daemon/cache/cache.go:421.3,422.1 1 7
github.com/zyvorai/transiva/daemon/cache/cache.go:425.2,425.39 1 8
github.com/zyvorai/transiva/daemon/cache/cache.go:426.3,427.1 1 1
github.com/zyvorai/transiva/daemon/cache/cache.go:429.2,429.18 1 7
github.com/zyvorai/transiva/daemon/cache/cache.go:434.2,436.1 7 1
github.com/zyvorai/transiva/daemon/cache/cache.go:437.2,438.1 7 1
github.com/zyvorai/transiva/daemon/cache/cache.go:439.2,442.1 7 1
github.com/zyvorai/transiva/daemon/cache/cache.go:443.2,444.1 7 1
github.com/zyvorai/transiva/daemon/cache/cache.go:448.2,449.1 1 17
github.com/zyvorai/transiva/daemon/cache/cache.go:453.2,456.1 3 4
github.com/zyvorai/transiva/daemon/cache/cache.go:460.2,461.31 2 2056
github.com/zyvorai/transiva/daemon/cache/cache.go:462.3,463.1 1 2061
github.com/zyvorai/transiva/daemon/cache/cache.go:464.2,464.14 1 2056
github.com/zyvorai/transiva/daemon/cache/cache.go:469.2,470.1 3 3
github.com/zyvorai/transiva/daemon/cache/cache.go:472.2,473.33 3 3
github.com/zyvorai/transiva/daemon/cache/cache.go:474.3,474.33 1 4
github.com/zyvorai/transiva/daemon/cache/cache.go:475.4,480.1 5 2
github.com/zyvorai/transiva/daemon/cache/cache.go:484.2,484.20 1 3
github.com/zyvorai/transiva/daemon/cache/cache.go:486.3,489.1 3 2
github.com/zyvorai/transiva/daemon/cache/cache.go:490.3,491.28 3 2
github.com/zyvorai/transiva/daemon/cache/cache.go:492.4,493.1 1 2
github.com/zyvorai/transiva/daemon/cache/cache.go:496.3,496.39 1 2
github.com/zyvorai/transiva/daemon/cache/cache.go:497.4,497.42 1 0
github.com/zyvorai/transiva/daemon/cache/cache.go:498.5,498.69 1 0
github.com/zyvorai/transiva/daemon/cache/cache.go:499.6,500.1 1 0
github.com/zyvorai/transiva/daemon/cache/cache.go:505.3,505.30 1 2
github.com/zyvorai/transiva/daemon/cache/cache.go:506.4,506.23 1 2
github.com/zyvorai/transiva/daemon/cache/cache.go:507.5,507.10 1 0
github.com/zyvorai/transiva/daemon/cache/cache.go:509.4,513.22 5 2
github.com/zyvorai/transiva/daemon/cache/cache.go:520.2,522.1 3 17
github.com/zyvorai/transiva/daemon/cache/cache.go:523.2,523.21 3 17
github.com/zyvorai/transiva/daemon/cache/cache.go:524.3,526.34 3 0
github.com/zyvorai/transiva/daemon/cache/cache.go:527.4,527.34 1 0
github.com/zyvorai/transiva/daemon/cache/cache.go:528.5,532.1 4 0
github.com/zyvorai/transiva/daemon/cache/cache.go:534.3,534.16 1 0
github.com/zyvorai/transiva/daemon/backup/backup.go:105.2,118.1 1 35
github.com/zyvorai/transiva/daemon/backup/backup.go:132.71,132.71 0 5
github.com/zyvorai/transiva/daemon/backup/backup.go:133.71,133.71 0 10
github.com/zyvorai/transiva/daemon/backup/backup.go:134.71,134.71 0 3
github.com/zyvorai/transiva/daemon/backup/backup.go:135.71,135.71 0 3
github.com/zyvorai/transiva/daemon/backup/backup.go:150.2,150.19 1 34
github.com/zyvorai/transiva/daemon/backup/backup.go:151.3,152.1 1 1
github.com/zyvorai/transiva/daemon/backup/backup.go:154.2,154.19 1 34
github.com/zyvorai/transiva/daemon/backup/backup.go:155.3,156.1 1 33
github.com/zyvorai/transiva/daemon/backup/backup.go:159.2,159.60 1 34
github.com/zyvorai/transiva/daemon/backup/backup.go:160.3,161.1 1 1
github.com/zyvorai/transiva/daemon/backup/backup.go:163.2,168.1 2 33
github.com/zyvorai/transiva/daemon/backup/backup.go:171.2,171.46 2 33
github.com/zyvorai/transiva/daemon/backup/backup.go:172.3,173.1 1 0
github.com/zyvorai/transiva/daemon/backup/backup.go:176.2,176.29 1 33
github.com/zyvorai/transiva/daemon/backup/backup.go:177.3,177.40 1 4
github.com/zyvorai/transiva/daemon/backup/backup.go:178.4,179.1 1 1
github.com/zyvorai/transiva/daemon/backup/backup.go:180.4,181.1 1 3
github.com/zyvorai/transiva/daemon/backup/backup.go:184.2,184.21 1 33
github.com/zyvorai/transiva/daemon/backup/backup.go:189.2,190.1 7 29
github.com/zyvorai/transiva/daemon/backup/backup.go:191.2,201.1 7 29
github.com/zyvorai/transiva/daemon/backup/backup.go:203.2,206.1 7 29
github.com/zyvorai/transiva/daemon/backup/backup.go:208.2,209.16 7 29
github.com/zyvorai/transiva/daemon/backup/backup.go:210.3,214.1 4 6
github.com/zyvorai/transiva/daemon/backup/backup.go:216.2,218.1 3 23
github.com/zyvorai/transiva/daemon/backup/backup.go:220.2,220.49 3 23
github.com/zyvorai/transiva/daemon/backup/backup.go:221.3,222.1 1 0
github.com/zyvorai/transiva/daemon/backup/backup.go:225.2,226.1 2 23
github.com/zyvorai/transiva/daemon/backup/backup.go:227.2,227.22 2 23
github.com/zyvorai/transiva/daemon/backup/backup.go:233.2,234.16 2 29
github.com/zyvorai/transiva/daemon/backup/backup.go:235.3,236.1 1 2
github.com/zyvorai/transiva/daemon/backup/backup.go:239.2,241.1 3 27
github.com/zyvorai/transiva/daemon/backup/backup.go:243.2,243.32 3 27
github.com/zyvorai/transiva/daemon/backup/backup.go:244.3,246.1 2 26
github.com/zyvorai/transiva/daemon/backup/backup.go:249.2,250.1 3 27
github.com/zyvorai/transiva/daemon/backup/backup.go:253.2,254.16 3 27
github.com/zyvorai/transiva/daemon/backup/backup.go:255.3,256.1 1 1
github.com/zyvorai/transiva/daemon/backup/backup.go:257.2,257.15 1 26
github.com/zyvorai/transiva/daemon/backup/backup.go:258.3,258.48 1 26
github.com/zyvorai/transiva/daemon/backup/backup.go:259.4,260.1 1 0
github.com/zyvorai/transiva/daemon/backup/backup.go:264.2,264.88 1 26
github.com/zyvorai/transiva/daemon/backup/backup.go:265.3,265.17 1 554
github.com/zyvorai/transiva/daemon/backup/backup.go:266.4,267.1 1 0
github.com/zyvorai/transiva/daemon/backup/backup.go:270.3,270.10 1 554
github.com/zyvorai/transiva/daemon/backup/backup.go:272.4,272.20 1 1
github.com/zyvorai/transiva/daemon/backup/backup.go:273.11,273.11 0 553
github.com/zyvorai/transiva/daemon/backup/backup.go:276.3,277.17 2 553
github.com/zyvorai/transiva/daemon/backup/backup.go:278.4,279.1 1 0
github.com/zyvorai/transiva/daemon/backup/backup.go:282.3,283.17 2 553
github.com/zyvorai/transiva/daemon/backup/backup.go:284.4,285.1 1 0
github.com/zyvorai/transiva/daemon/backup/backup.go:288.3,289.1 2 553
github.com/zyvorai/transiva/daemon/backup/backup.go:291.3,291.55 2 553
github.com/zyvorai/transiva/daemon/backup/backup.go:292.4,293.1 1 0
github.com/zyvorai/transiva/daemon/backup/backup.go:296.3,296.30 1 553
github.com/zyvorai/transiva/daemon/backup/backup.go:297.4,298.18 2 526
github.com/zyvorai/transiva/daemon/backup/backup.go:299.5,300.1 1 1
github.com/zyvorai/transiva/daemon/backup/backup.go:301.4,301.17 1 525
github.com/zyvorai/transiva/daemon/backup/backup.go:302.5,302.47 1 525
github.com/zyvorai/transiva/daemon/backup/backup.go:303.6,304.1 1 0
github.com/zyvorai/transiva/daemon/backup/backup.go:307.4,307.51 1 525
github.com/zyvorai/transiva/daemon/backup/backup.go:308.5,309.1 1 0
github.com/zyvorai/transiva/daemon/backup/backup.go:311.4,311.52 1 525
github.com/zyvorai/transiva/daemon/backup/backup.go:314.3,314.13 1 552
github.com/zyvorai/transiva/daemon/backup/backup.go:317.2,317.16 1 26
github.com/zyvorai/transiva/daemon/backup/backup.go:318.3,319.1 1 2
github.com/zyvorai/transiva/daemon/backup/backup.go:322.2,322.42 1 24
github.com/zyvorai/transiva/daemon/backup/backup.go:323.3,323.48 1 0
github.com/zyvorai/transiva/daemon/backup/backup.go:324.4,325.1 1 0
github.com/zyvorai/transiva/daemon/backup/backup.go:326.3,326.13 1 0
github.com/zyvorai/transiva/daemon/backup/backup.go:329.2,329.23 1 24
github.com/zyvorai/transiva/daemon/backup/backup.go:330.3,330.44 1 23
github.com/zyvorai/transiva/daemon/backup/backup.go:331.4,331.49 1 0
github.com/zyvorai/transiva/daemon/backup/backup.go:332.5,333.1 1 0
github.com/zyvorai/transiva/daemon/backup/backup.go:334.4,334.14 1 0
github.com/zyvorai/transiva/daemon/backup/backup.go:338.2,338.37 1 24
github.com/zyvorai/transiva/daemon/backup/backup.go:339.3,340.1 1 0
github.com/zyvorai/transiva/daemon/backup/backup.go:343.2,344.16 2 24
github.com/zyvorai/transiva/daemon/backup/backup.go:345.3,346.1 1 1
github.com/zyvorai/transiva/daemon/backup/backup.go:347.2,348.1 3 23
github.com/zyvorai/transiva/daemon/backup/backup.go:350.2,351.16 3 23
github.com/zyvorai/transiva/daemon/backup/backup.go:352.3,353.1 1 0
github.com/zyvorai/transiva/daemon/backup/backup.go:354.2,354.15 1 23
github.com/zyvorai/transiva/daemon/backup/backup.go:355.3,355.45 1 23
github.com/zyvorai/transiva/daemon/backup/backup.go:356.4,357.1 1 0
github.com/zyvorai/transiva/daemon/backup/backup.go:360.2,361.44 2 23
github.com/zyvorai/transiva/daemon/backup/backup.go:362.3,363.1 1 0
github.com/zyvorai/transiva/daemon/backup/backup.go:364.2,365.1 2 23
github.com/zyvorai/transiva/daemon/backup/backup.go:366.2,366.12 2 23
github.com/zyvorai/transiva/daemon/backup/backup.go:371.2,372.17 2 7
github.com/zyvorai/transiva/daemon/backup/backup.go:373.3,375.1 2 1
github.com/zyvorai/transiva/daemon/backup/backup.go:376.2,378.1 3 6
github.com/zyvorai/transiva/daemon/backup/backup.go:379.2,379.15 3 6
github.com/zyvorai/transiva/daemon/backup/backup.go:380.3,383.1 3 6
github.com/zyvorai/transiva/daemon/backup/backup.go:386.2,389.1 4 6
github.com/zyvorai/transiva/daemon/backup/backup.go:390.2,390.13 4 6
github.com/zyvorai/transiva/daemon/backup/backup.go:391.3,392.1 1 1
github.com/zyvorai/transiva/daemon/backup/backup.go:395.2,395.49 1 5
github.com/zyvorai/transiva/daemon/backup/backup.go:396.3,397.1 1 1
github.com/zyvorai/transiva/daemon/backup/backup.go:400.2,400.52 1 4
github.com/zyvorai/transiva/daemon/backup/backup.go:406.2,407.16 2 4
github.com/zyvorai/transiva/daemon/backup/backup.go:408.3,409.1 1 0
github.com/zyvorai/transiva/daemon/backup/backup.go:410.2,410.15 1 4
github.com/zyvorai/transiva/daemon/backup/backup.go:411.3,411.48 1 4
github.com/zyvorai/transiva/daemon/backup/backup.go:412.4,413.1 1 0
github.com/zyvorai/transiva/daemon/backup/backup.go:417.2,418.1 2 4
github.com/zyvorai/transiva/daemon/backup/backup.go:420.2,420.25 2 4
github.com/zyvorai/transiva/daemon/backup/backup.go:421.3,422.17 2 4
github.com/zyvorai/transiva/daemon/backup/backup.go:423.4,424.1 1 0
github.com/zyvorai/transiva/daemon/backup/backup.go:425.3,425.16 1 4
github.com/zyvorai/transiva/daemon/backup/backup.go:426.4,426.55 1 4
github.com/zyvorai/transiva/daemon/backup/backup.go:427.5,428.1 1 0
github.com/zyvorai/transiva/daemon/backup/backup.go:430.3,430.22 1 4
github.com/zyvorai/transiva/daemon/backup/backup.go:434.2,435.1 2 4
github.com/zyvorai/transiva/daemon/backup/backup.go:437.2,437.6 2 4
github.com/zyvorai/transiva/daemon/backup/backup.go:438.3,438.10 1 514
github.com/zyvorai/transiva/daemon/backup/backup.go:440.4,440.20 1 0
github.com/zyvorai/transiva/daemon/backup/backup.go:441.11,441.11 0 514
github.com/zyvorai/transiva/daemon/backup/backup.go:444.3,445.20 2 514
github.com/zyvorai/transiva/daemon/backup/backup.go:446.4,446.9 1 3
github.com/zyvorai/transiva/daemon/backup/backup.go:448.3,448.17 1 511
github.com/zyvorai/transiva/daemon/backup/backup.go:449.4,450.1 1 0
github.com/zyvorai/transiva/daemon/backup/backup.go:454.3,455.1 3 511
github.com/zyvorai/transiva/daemon/backup/backup.go:456.3,457.104 3 511
github.com/zyvorai/transiva/daemon/backup/backup.go:458.4,459.1 1 0
github.com/zyvorai/transiva/daemon/backup/backup.go:463.3,463.46 1 511
github.com/zyvorai/transiva/daemon/backup/backup.go:464.4,465.1 1 0
github.com/zyvorai/transiva/daemon/backup/backup.go:466.3,467.1 2 511
github.com/zyvorai/transiva/daemon/backup/backup.go:469.3,469.37 2 511
github.com/zyvorai/transiva/daemon/backup/backup.go:470.4,470.56 1 6
github.com/zyvorai/transiva/daemon/backup/backup.go:471.5,472.1 1 0
github.com/zyvorai/transiva/daemon/backup/backup.go:473.4,473.12 1 6
github.com/zyvorai/transiva/daemon/backup/backup.go:477.3,477.65 1 505
github.com/zyvorai/transiva/daemon/backup/backup.go:478.4,479.1 1 0
github.com/zyvorai/transiva/daemon/backup/backup.go:483.3,484.17 2 505
github.com/zyvorai/transiva/daemon/backup/backup.go:485.4,486.1 1 1
github.com/zyvorai/transiva/daemon/backup/backup.go:490.3,490.22 1 504
github.com/zyvorai/transiva/daemon/backup/backup.go:491.4,491.46 1 0
github.com/zyvorai/transiva/daemon/backup/backup.go:492.5,493.1 1 0
github.com/zyvorai/transiva/daemon/backup/backup.go:494.4,494.83 1 0
github.com/zyvorai/transiva/daemon/backup/backup.go:496.3,496.81 1 504
github.com/zyvorai/transiva/daemon/backup/backup.go:497.4,497.46 1 0
github.com/zyvorai/transiva/daemon/backup/backup.go:498.5,499.1 1 0
github.com/zyvorai/transiva/daemon/backup/backup.go:500.4,500.14 1 0
github.com/zyvorai/transiva/daemon/backup/backup.go:502.3,502.35 1 504
github.com/zyvorai/transiva/daemon/backup/backup.go:503.4,504.1 1 0
github.com/zyvorai/transiva/daemon/backup/backup.go:507.2,507.12 1 3
github.com/zyvorai/transiva/daemon/backup/backup.go:512.2,513.16 2 7
github.com/zyvorai/transiva/daemon/backup/backup.go:514.3,515.1 1 0
github.com/zyvorai/transiva/daemon/backup/backup.go:516.2,516.15 1 7
github.com/zyvorai/transiva/daemon/backup/backup.go:517.3,517.48 1 7
github.com/zyvorai/transiva/daemon/backup/backup.go:518.4,519.1 1 0
github.com/zyvorai/transiva/daemon/backup/backup.go:522.2,523.47 2 7
github.com/zyvorai/transiva/daemon/backup/backup.go:524.3,525.1 1 0
github.com/zyvorai/transiva/daemon/backup/backup.go:527.2,528.35 2 7
github.com/zyvorai/transiva/daemon/backup/backup.go:529.3,530.1 1 2
github.com/zyvorai/transiva/daemon/backup/backup.go:532.2,532.12 1 5
github.com/zyvorai/transiva/daemon/backup/backup.go:537.2,539.1 4 3
github.com/zyvorai/transiva/daemon/backup/backup.go:540.2,541.35 4 3
github.com/zyvorai/transiva/daemon/backup/backup.go:542.3,543.1 1 3
github.com/zyvorai/transiva/daemon/backup/backup.go:545.2,545.16 1 3
github.com/zyvorai/transiva/daemon/backup/backup.go:550.2,552.1 4 5
github.com/zyvorai/transiva/daemon/backup/backup.go:553.2,554.13 4 5
github.com/zyvorai/transiva/daemon/backup/backup.go:555.3,556.1 1 2
github.com/zyvorai/transiva/daemon/backup/backup.go:558.2,558.20 1 3
github.com/zyvorai/transiva/daemon/backup/backup.go:563.2,565.1 4 2
github.com/zyvorai/transiva/daemon/backup/backup.go:566.2,567.13 4 2
github.com/zyvorai/transiva/daemon/backup/backup.go:568.3,569.1 1 0
github.com/zyvorai/transiva/daemon/backup/backup.go:572.2,572.78 1 2
github.com/zyvorai/transiva/daemon/backup/backup.go:573.3,574.1 1 1
github.com/zyvorai/transiva/daemon/backup/backup.go:577.2,578.71 2 1
github.com/zyvorai/transiva/daemon/backup/backup.go:579.3,580.1 1 0
github.com/zyvorai/transiva/daemon/backup/backup.go:582.2,583.1 2 1
github.com/zyvorai/transiva/daemon/backup/backup.go:584.2,584.12 2 1
github.com/zyvorai/transiva/daemon/backup/backup.go:589.2,590.1 3 24
github.com/zyvorai/transiva/daemon/backup/backup.go:591.2,592.16 3 24
github.com/zyvorai/transiva/daemon/backup/backup.go:593.3,594.1 1 0
github.com/zyvorai/transiva/daemon/backup/backup.go:596.2,596.47 1 24
github.com/zyvorai/transiva/daemon/backup/backup.go:601.2,603.16 3 33
github.com/zyvorai/transiva/daemon/backup/backup.go:604.3,605.1 1 0
github.com/zyvorai/transiva/daemon/backup/backup.go:607.2,607.31 1 33
github.com/zyvorai/transiva/daemon/backup/backup.go:609.3,610.17 2 2
github.com/zyvorai/transiva/daemon/backup/backup.go:611.4,611.12 1 0
github.com/zyvorai/transiva/daemon/backup/backup.go:614.3,615.57 2 2
github.com/zyvorai/transiva/daemon/backup/backup.go:616.4,616.12 1 1
github.com/zyvorai/transiva/daemon/backup/backup.go:619.3,619.37 1 1
github.com/zyvorai/transiva/daemon/backup/backup.go:622.2,622.12 1 33
github.com/zyvorai/transiva/daemon/backup/backup.go:627.2,629.1 5 23
github.com/zyvorai/transiva/daemon/backup/backup.go:631.2,634.1 5 23
github.com/zyvorai/transiva/daemon/backup/backup.go:636.2,637.36 5 23
github.com/zyvorai/transiva/daemon/backup/backup.go:638.3,639.1 1 22
github.com/zyvorai/transiva/daemon/backup/backup.go:642.2,642.37 1 23
github.com/zyvorai/transiva/daemon/backup/backup.go:643.3,643.40 1 0
github.com/zyvorai/transiva/daemon/backup/backup.go:644.4,644.44 1 0
github.com/zyvorai/transiva/daemon/backup/backup.go:645.5,646.1 1 0
github.com/zyvorai/transiva/daemon/backup/backup.go:651.2,652.28 2 23
github.com/zyvorai/transiva/daemon/backup/backup.go:653.3,654.1 2 22
github.com/zyvorai/transiva/daemon/backup/backup.go:656.3,656.42 2 22
github.com/zyvorai/transiva/daemon/backup/backup.go:657.4,657.48 1 0
github.com/zyvorai/transiva/daemon/backup/backup.go:658.5,659.1 1 0
github.com/zyvorai/transiva/daemon/backup/backup.go:660.4,660.12 1 0
github.com/zyvorai/transiva/daemon/backup/backup.go:664.3,664.33 1 22
github.com/zyvorai/transiva/daemon/backup/backup.go:665.4,666.64 2 22
github.com/zyvorai/transiva/daemon/backup/backup.go:667.5,667.49 1 0
github.com/zyvorai/transiva/daemon/backup/backup.go:668.6,669.1 1 0
github.com/zyvorai/transiva/daemon/backup/backup.go:677.2,679.1 4 3
github.com/zyvorai/transiva/daemon/backup/backup.go:680.2,684.1 4 3
github.com/zyvorai/transiva/daemon/backup/backup.go:685.2,685.6 4 3
github.com/zyvorai/transiva/daemon/backup/backup.go:686.3,686.10 1 6
github.com/zyvorai/transiva/daemon/backup/backup.go:688.4,689.1 5 3
github.com/zyvorai/transiva/daemon/backup/backup.go:691.4,694.1 5 3
github.com/zyvorai/transiva/daemon/backup/backup.go:695.4,695.18 5 3
github.com/zyvorai/transiva/daemon/backup/backup.go:696.5,699.1 1 1
github.com/zyvorai/transiva/daemon/backup/backup.go:700.5,704.1 1 2
github.com/zyvorai/transiva/daemon/backup/backup.go:707.4,708.10 2 3
github.com/zyvorai/transiva/daemon/backup/backup.go:715.2,715.21 1 7
github.com/zyvorai/transiva/daemon/backup/backup.go:716.3,717.1 1 6
github.com/zyvorai/transiva/daemon/backup/backup.go:722.2,723.1 1 29
github.com/zyvorai/transiva/daemon/jobs/manager.go:57.2,67.1 3 26
github.com/zyvorai/transiva/daemon/jobs/manager.go:72.2,75.23 4 3
github.com/zyvorai/transiva/daemon/jobs/manager.go:76.3,77.1 1 3
github.com/zyvorai/transiva/daemon/jobs/manager.go:82.2,82.30 1 0
github.com/zyvorai/transiva/daemon/jobs/manager.go:83.3,84.1 1 0
github.com/zyvorai/transiva/daemon/jobs/manager.go:89.2,90.1 2 32
github.com/zyvorai/transiva/daemon/jobs/manager.go:92.2,92.18 2 32
github.com/zyvorai/transiva/daemon/jobs/manager.go:93.3,94.1 1 24
github.com/zyvorai/transiva/daemon/jobs/manager.go:97.2,97.41 1 32
github.com/zyvorai/transiva/daemon/jobs/manager.go:98.3,100.1 2 0
github.com/zyvorai/transiva/daemon/jobs/manager.go:103.2,105.1 6 32
github.com/zyvorai/transiva/daemon/jobs/manager.go:106.2,110.1 6 32
github.com/zyvorai/transiva/daemon/jobs/manager.go:112.2,114.1 6 32
github.com/zyvorai/transiva/daemon/jobs/manager.go:116.2,116.29 6 32
github.com/zyvorai/transiva/daemon/jobs/manager.go:117.3,118.1 1 7
github.com/zyvorai/transiva/daemon/jobs/manager.go:121.2,122.1 3 32
github.com/zyvorai/transiva/daemon/jobs/manager.go:124.2,125.12 3 32
github.com/zyvorai/transiva/daemon/jobs/manager.go:126.3,128.1 2 32
github.com/zyvorai/transiva/daemon/jobs/manager.go:130.2,130.20 1 32
github.com/zyvorai/transiva/daemon/jobs/manager.go:135.2,137.1 3 1
github.com/zyvorai/transiva/daemon/jobs/manager.go:138.2,138.27 3 1
github.com/zyvorai/transiva/daemon/jobs/manager.go:139.3,140.17 2 3
github.com/zyvorai/transiva/daemon/jobs/manager.go:141.4,142.1 1 0
github.com/zyvorai/transiva/daemon/jobs/manager.go:143.4,144.1 1 3
github.com/zyvorai/transiva/daemon/jobs/manager.go:147.2,147.18 1 1
github.com/zyvorai/transiva/daemon/jobs/manager.go:152.2,154.1 4 10
github.com/zyvorai/transiva/daemon/jobs/manager.go:155.2,156.13 4 10
github.com/zyvorai/transiva/daemon/jobs/manager.go:157.3,158.1 1 1
github.com/zyvorai/transiva/daemon/jobs/manager.go:161.2,162.1 2 9
github.com/zyvorai/transiva/daemon/jobs/manager.go:164.2,164.25 2 9
github.com/zyvorai/transiva/daemon/jobs/manager.go:165.3,167.1 2 5
github.com/zyvorai/transiva/daemon/jobs/manager.go:170.2,170.23 1 9
github.com/zyvorai/transiva/daemon/jobs/manager.go:171.3,172.1 2 3
github.com/zyvorai/transiva/daemon/jobs/manager.go:173.3,173.32 2 3
github.com/zyvorai/transiva/daemon/jobs/manager.go:174.4,176.1 2 3
github.com/zyvorai/transiva/daemon/jobs/manager.go:177.3,177.31 1 3
github.com/zyvorai/transiva/daemon/jobs/manager.go:180.2,180.22 1 9
github.com/zyvorai/transiva/daemon/jobs/manager.go:185.2,187.1 4 6
github.com/zyvorai/transiva/daemon/jobs/manager.go:188.2,189.1 4 6
github.com/zyvorai/transiva/daemon/jobs/manager.go:190.2,190.29 4 6
github.com/zyvorai/transiva/daemon/jobs/manager.go:192.3,192.24 1 12
github.com/zyvorai/transiva/daemon/jobs/manager.go:193.4,194.36 2 4
github.com/zyvorai/transiva/daemon/jobs/manager.go:195.5,195.29 1 4
github.com/zyvorai/transiva/daemon/jobs/manager.go:196.6,197.11 2 2
github.com/zyvorai/transiva/daemon/jobs/manager.go:200.4,200.16 1 4
github.com/zyvorai/transiva/daemon/jobs/manager.go:201.5,201.13 1 2
github.com/zyvorai/transiva/daemon/jobs/manager.go:206.3,207.1 2 10
github.com/zyvorai/transiva/daemon/jobs/manager.go:209.3,209.26 2 10
github.com/zyvorai/transiva/daemon/jobs/manager.go:210.4,212.1 2 4
github.com/zyvorai/transiva/daemon/jobs/manager.go:215.3,215.24 1 10
github.com/zyvorai/transiva/daemon/jobs/manager.go:216.4,217.33 2 1
github.com/zyvorai/transiva/daemon/jobs/manager.go:218.5,220.1 2 1
github.com/zyvorai/transiva/daemon/jobs/manager.go:221.4,221.32 1 1
github.com/zyvorai/transiva/daemon/jobs/manager.go:224.3,225.1 2 10
github.com/zyvorai/transiva/daemon/jobs/manager.go:227.3,227.40 2 10
github.com/zyvorai/transiva/daemon/jobs/manager.go:228.4,228.9 1 1
github.com/zyvorai/transiva/daemon/jobs/manager.go:232.2,232.15 1 6
github.com/zyvorai/transiva/daemon/jobs/manager.go:237.2,238.1 1 1
github.com/zyvorai/transiva/daemon/jobs/manager.go:242.2,244.1 4 2
github.com/zyvorai/transiva/daemon/jobs/manager.go:245.2,246.13 4 2
github.com/zyvorai/transiva/daemon/jobs/manager.go:247.3,248.1 1 0
github.com/zyvorai/transiva/daemon/jobs/manager.go:250.2,250.84 1 2
github.com/zyvorai/transiva/daemon/jobs/manager.go:251.3,252.1 1 1
github.com/zyvorai/transiva/daemon/jobs/manager.go:254.2,258.1 6 1
github.com/zyvorai/transiva/daemon/jobs/manager.go:259.2,260.1 6 1
github.com/zyvorai/transiva/daemon/jobs/manager.go:262.2,262.29 6 1
github.com/zyvorai/transiva/daemon/jobs/manager.go:263.3,264.1 1 0
github.com/zyvorai/transiva/daemon/jobs/manager.go:266.2,266.12 1 1
github.com/zyvorai/transiva/daemon/jobs/manager.go:271.2,273.1 4 5
github.com/zyvorai/transiva/daemon/jobs/manager.go:274.2,275.29 4 5
github.com/zyvorai/transiva/daemon/jobs/manager.go:276.3,276.21 1 9
github.com/zyvorai/transiva/daemon/jobs/manager.go:278.4,278.13 1 2
github.com/zyvorai/transiva/daemon/jobs/manager.go:280.4,280.15 1 1
github.com/zyvorai/transiva/daemon/jobs/manager.go:282.4,282.12 1 1
github.com/zyvorai/transiva/daemon/jobs/manager.go:284.4,284.15 1 1
github.com/zyvorai/transiva/daemon/jobs/manager.go:288.2,297.1 1 5
github.com/zyvorai/transiva/daemon/jobs/manager.go:302.2,303.1 4 1
github.com/zyvorai/transiva/daemon/jobs/manager.go:305.2,306.1 4 1
github.com/zyvorai/transiva/daemon/jobs/manager.go:308.2,309.12 4 1
github.com/zyvorai/transiva/daemon/jobs/manager.go:310.3,312.1 2 1
github.com/zyvorai/transiva/daemon/jobs/manager.go:314.2,314.9 1 1
github.com/zyvorai/transiva/daemon/jobs/manager.go:316.3,316.49 1 1
github.com/zyvorai/transiva/daemon/jobs/manager.go:318.3,318.76 1 0
github.com/zyvorai/transiva/daemon/jobs/manager.go:325.2,327.13 3 32
github.com/zyvorai/transiva/daemon/jobs/manager.go:328.3,330.1 2 0
github.com/zyvorai/transiva/daemon/jobs/manager.go:333.2,339.1 9 32
github.com/zyvorai/transiva/daemon/jobs/manager.go:342.2,344.1 9 32
github.com/zyvorai/transiva/daemon/jobs/manager.go:345.2,346.1 9 32
github.com/zyvorai/transiva/daemon/jobs/manager.go:347.2,347.23 9 32
github.com/zyvorai/transiva/daemon/jobs/manager.go:348.3,349.1 1 7
github.com/zyvorai/transiva/daemon/jobs/manager.go:356.2,358.1 8 32
github.com/zyvorai/transiva/daemon/jobs/manager.go:360.2,361.1 8 32
github.com/zyvorai/transiva/daemon/jobs/manager.go:362.2,366.1 8 32
github.com/zyvorai/transiva/daemon/jobs/manager.go:367.2,367.16 8 32
github.com/zyvorai/transiva/daemon/jobs/manager.go:368.3,371.1 4 32
github.com/zyvorai/transiva/daemon/jobs/manager.go:373.3,373.30 4 32
github.com/zyvorai/transiva/daemon/jobs/manager.go:374.4,375.1 1 7
github.com/zyvorai/transiva/daemon/jobs/manager.go:377.3,379.1 3 0
github.com/zyvorai/transiva/daemon/jobs/manager.go:381.3,381.30 3 0
github.com/zyvorai/transiva/daemon/jobs/manager.go:382.4,383.1 1 0
github.com/zyvorai/transiva/daemon/jobs/manager.go:386.2,386.15 1 32
github.com/zyvorai/transiva/daemon/jobs/manager.go:392.2,393.1 2 32
github.com/zyvorai/transiva/daemon/jobs/manager.go:394.2,394.33 2 32
github.com/zyvorai/transiva/daemon/jobs/manager.go:395.3,396.1 1 0
github.com/zyvorai/transiva/daemon/jobs/manager.go:399.2,401.1 4 32
github.com/zyvorai/transiva/daemon/jobs/manager.go:403.2,404.16 4 32
github.com/zyvorai/transiva/daemon/jobs/manager.go:405.3,406.1 1 32
github.com/zyvorai/transiva/daemon/jobs/manager.go:409.2,409.47 1 0
github.com/zyvorai/transiva/daemon/jobs/manager.go:410.3,411.1 1 0
github.com/zyvorai/transiva/daemon/jobs/manager.go:414.2,414.57 1 0
github.com/zyvorai/transiva/daemon/jobs/manager.go:415.3,416.1 1 0
github.com/zyvorai/transiva/daemon/jobs/manager.go:419.2,421.16 3 0
github.com/zyvorai/transiva/daemon/jobs/manager.go:422.3,423.1 1 0
github.com/zyvorai/transiva/daemon/jobs/manager.go:426.2,427.42 2 0
github.com/zyvorai/transiva/daemon/jobs/manager.go:428.3,429.1 1 0
github.com/zyvorai/transiva/daemon/jobs/manager.go:430.2,431.1 2 0
github.com/zyvorai/transiva/daemon/jobs/manager.go:432.2,432.12 2 0
github.com/zyvorai/transiva/daemon/jobs/manager.go:436.2,437.16 2 0
github.com/zyvorai/transiva/daemon/jobs/manager.go:438.3,439.1 1 0
github.com/zyvorai/transiva/daemon/jobs/manager.go:441.2,441.47 1 0
github.com/zyvorai/transiva/daemon/jobs/manager.go:442.3,443.1 1 0
github.com/zyvorai/transiva/daemon/jobs/manager.go:445.2,445.57 1 0
github.com/zyvorai/transiva/daemon/jobs/manager.go:446.3,447.1 1 0
github.com/zyvorai/transiva/daemon/jobs/manager.go:449.2,450.16 2 0
github.com/zyvorai/transiva/daemon/jobs/manager.go:451.3,452.1 1 0
github.com/zyvorai/transiva/daemon/jobs/manager.go:454.2,455.42 2 0
github.com/zyvorai/transiva/daemon/jobs/manager.go:456.3,457.1 1 0
github.com/zyvorai/transiva/daemon/jobs/manager.go:458.2,459.1 2 0
github.com/zyvorai/transiva/daemon/jobs/manager.go:460.2,460.12 2 0
github.com/zyvorai/transiva/daemon/jobs/manager.go:466.2,466.94 1 38
github.com/zyvorai/transiva/daemon/jobs/manager.go:468.3,469.19 2 2
github.com/zyvorai/transiva/daemon/jobs/manager.go:470.4,471.1 1 1
github.com/zyvorai/transiva/daemon/jobs/manager.go:472.3,477.1 1 2
github.com/zyvorai/transiva/daemon/jobs/manager.go:481.2,481.49 1 38
github.com/zyvorai/transiva/daemon/jobs/manager.go:482.3,483.1 1 33
github.com/zyvorai/transiva/daemon/jobs/manager.go:486.2,486.48 1 38
github.com/zyvorai/transiva/daemon/jobs/manager.go:487.3,488.1 1 1
github.com/zyvorai/transiva/daemon/jobs/manager.go:491.2,491.48 1 38
github.com/zyvorai/transiva/daemon/jobs/manager.go:492.3,492.25 1 0
github.com/zyvorai/transiva/daemon/jobs/manager.go:493.4,494.1 1 0
github.com/zyvorai/transiva/daemon/jobs/manager.go:495.3,495.25 1 0
github.com/zyvorai/transiva/daemon/jobs/manager.go:496.4,497.1 1 0
github.com/zyvorai/transiva/daemon/jobs/manager.go:498.3,498.27 1 0
github.com/zyvorai/transiva/daemon/jobs/manager.go:499.4,500.1 1 0
github.com/zyvorai/transiva/daemon/jobs/manager.go:504.2,504.22 1 38
github.com/zyvorai/transiva/daemon/jobs/manager.go:505.3,505.34 1 38
github.com/zyvorai/transiva/daemon/jobs/manager.go:506.4,507.1 1 0
github.com/zyvorai/transiva/daemon/jobs/manager.go:508.4,509.1 1 38
github.com/zyvorai/transiva/daemon/jobs/manager.go:512.2,512.47 1 38
github.com/zyvorai/transiva/daemon/jobs/manager.go:513.3,513.53 1 0
github.com/zyvorai/transiva/daemon/jobs/manager.go:514.4,515.1 1 0
github.com/zyvorai/transiva/daemon/jobs/manager.go:522.2,522.28 1 35
github.com/zyvorai/transiva/daemon/jobs/manager.go:523.3,524.44 2 2
github.com/zyvorai/transiva/daemon/jobs/manager.go:525.4,526.1 1 0
github.com/zyvorai/transiva/daemon/jobs/manager.go:527.3,528.34 1 2
github.com/zyvorai/transiva/daemon/jobs/manager.go:532.2,532.45 1 35
github.com/zyvorai/transiva/daemon/jobs/manager.go:537.2,539.1 3 2
github.com/zyvorai/transiva/daemon/jobs/manager.go:540.2,540.42 3 2
github.com/zyvorai/transiva/daemon/jobs/manager.go:541.3,543.1 2 1
github.com/zyvorai/transiva/daemon/jobs/vsphere_helper.go:15.2,16.1 2 0
github.com/zyvorai/transiva/daemon/jobs/vsphere_helper.go:18.2,18.22 2 0
github.com/zyvorai/transiva/daemon/jobs/vsphere_helper.go:19.3,20.1 1 0
github.com/zyvorai/transiva/daemon/jobs/vsphere_helper.go:21.2,21.30 1 0
github.com/zyvorai/transiva/daemon/jobs/vsphere_helper.go:22.3,23.1 1 0
github.com/zyvorai/transiva/daemon/jobs/vsphere_helper.go:24.2,24.28 1 0
github.com/zyvorai/transiva/daemon/jobs/vsphere_helper.go:25.3,26.1 1 0
github.com/zyvorai/transiva/daemon/jobs/vsphere_helper.go:27.2,27.25 1 0
github.com/zyvorai/transiva/daemon/jobs/vsphere_helper.go:28.3,29.1 1 0
github.com/zyvorai/transiva/daemon/jobs/vsphere_helper.go:32.2,34.16 3 0
github.com/zyvorai/transiva/daemon/jobs/vsphere_helper.go:35.3,36.1 1 0
github.com/zyvorai/transiva/daemon/jobs/vsphere_helper.go:38.2,38.20 1 0
github.com/zyvorai/transiva/daemon/models/job.go:58.2,59.29 2 3
github.com/zyvorai/transiva/daemon/models/job.go:60.3,61.1 1 2
github.com/zyvorai/transiva/daemon/models/job.go:62.2,62.17 1 3
github.com/zyvorai/transiva/daemon/models/job.go:141.2,143.1 3 2
github.com/zyvorai/transiva/daemon/models/job.go:144.2,144.15 3 2
github.com/zyvorai/transiva/daemon/models/job.go:145.3,145.31 1 1
github.com/zyvorai/transiva/daemon/models/job.go:146.4,147.1 1 1
github.com/zyvorai/transiva/daemon/models/job.go:148.3,156.32 9 1
github.com/zyvorai/transiva/daemon/models/job.go:159.2,159.13 1 2
github.com/zyvorai/transiva/daemon/exporters/ctl_exporter.go:26.2,29.1 1 7
github.com/zyvorai/transiva/daemon/exporters/ctl_exporter.go:35.2,35.40 1 1
github.com/zyvorai/transiva/daemon/exporters/ctl_exporter.go:36.3,37.1 1 1
github.com/zyvorai/transiva/daemon/exporters/ctl_exporter.go:39.2,40.1 3 0
github.com/zyvorai/transiva/daemon/exporters/ctl_exporter.go:47.2,55.1 3 0
github.com/zyvorai/transiva/daemon/exporters/ctl_exporter.go:57.2,57.26 3 0
github.com/zyvorai/transiva/daemon/exporters/ctl_exporter.go:58.3,59.1 1 0
github.com/zyvorai/transiva/daemon/exporters/ctl_exporter.go:61.2,61.18 1 0
github.com/zyvorai/transiva/daemon/exporters/ctl_exporter.go:62.3,63.1 1 0
github.com/zyvorai/transiva/daemon/exporters/ctl_exporter.go:65.2,65.14 1 0
github.com/zyvorai/transiva/daemon/exporters/ctl_exporter.go:66.3,67.1 1 0
github.com/zyvorai/transiva/daemon/exporters/ctl_exporter.go:74.2,75.1 3 0
github.com/zyvorai/transiva/daemon/exporters/ctl_exporter.go:77.2,78.16 3 0
github.com/zyvorai/transiva/daemon/exporters/ctl_exporter.go:79.3,80.1 1 0
github.com/zyvorai/transiva/daemon/exporters/ctl_exporter.go:82.2,83.16 2 0
github.com/zyvorai/transiva/daemon/exporters/ctl_exporter.go:84.3,85.1 1 0
github.com/zyvorai/transiva/daemon/exporters/ctl_exporter.go:88.2,88.36 1 0
github.com/zyvorai/transiva/daemon/exporters/ctl_exporter.go:89.3,90.1 1 0
github.com/zyvorai/transiva/daemon/exporters/ctl_exporter.go:93.2,95.1 5 0
github.com/zyvorai/transiva/daemon/exporters/ctl_exporter.go:97.2,98.1 5 0
github.com/zyvorai/transiva/daemon/exporters/ctl_exporter.go:100.2,101.1 5 0
github.com/zyvorai/transiva/daemon/exporters/ctl_exporter.go:103.2,103.35 5 0
github.com/zyvorai/transiva/daemon/exporters/ctl_exporter.go:104.3,105.1 1 0
github.com/zyvorai/transiva/daemon/exporters/ctl_exporter.go:108.2,111.1 3 0
github.com/zyvorai/transiva/daemon/exporters/ctl_exporter.go:115.2,116.1 3 0
github.com/zyvorai/transiva/daemon/exporters/ctl_exporter.go:117.2,117.20 3 0
github.com/zyvorai/transiva/daemon/exporters/ctl_exporter.go:122.2,123.21 2 4
github.com/zyvorai/transiva/daemon/exporters/ctl_exporter.go:124.3,126.1 3 8
github.com/zyvorai/transiva/daemon/exporters/ctl_exporter.go:128.3,128.42 3 8
github.com/zyvorai/transiva/daemon/exporters/ctl_exporter.go:129.4,130.23 2 4
github.com/zyvorai/transiva/daemon/exporters/ctl_exporter.go:131.5,132.71 2 4
github.com/zyvorai/transiva/daemon/exporters/ctl_exporter.go:133.6,133.33 1 3
github.com/zyvorai/transiva/daemon/exporters/ctl_exporter.go:134.7,140.1 1 3
github.com/zyvorai/transiva/daemon/exporters/ctl_exporter.go:149.2,150.21 2 3
github.com/zyvorai/transiva/daemon/exporters/ctl_exporter.go:151.3,153.1 2 3
github.com/zyvorai/transiva/daemon/exporters/ctl_exporter.go:158.2,159.1 1 1
github.com/zyvorai/transiva/daemon/exporters/ctl_exporter.go:169.2,170.1 1 13
github.com/zyvorai/transiva/daemon/exporters/ctl_exporter.go:174.2,174.22 1 7
github.com/zyvorai/transiva/daemon/exporters/ctl_exporter.go:175.3,176.1 1 2
github.com/zyvorai/transiva/daemon/exporters/ctl_exporter.go:177.2,177.31 1 5
github.com/zyvorai/transiva/daemon/exporters/ctl_exporter.go:178.3,179.1 1 0
github.com/zyvorai/transiva/daemon/exporters/ctl_exporter.go:181.2,181.25 1 5
github.com/zyvorai/transiva/daemon/exporters/ctl_exporter.go:182.3,183.1 1 1
github.com/zyvorai/transiva/daemon/exporters/ctl_exporter.go:184.2,184.34 1 4
github.com/zyvorai/transiva/daemon/exporters/ctl_exporter.go:185.3,186.1 1 0
github.com/zyvorai/transiva/daemon/exporters/ctl_exporter.go:188.2,188.52 1 4
github.com/zyvorai/transiva/daemon/exporters/ctl_exporter.go:189.3,190.1 1 2
github.com/zyvorai/transiva/daemon/exporters/ctl_exporter.go:191.2,191.39 1 2
github.com/zyvorai/transiva/daemon/exporters/ctl_exporter.go:192.3,193.1 1 0
github.com/zyvorai/transiva/daemon/exporters/ctl_exporter.go:194.2,194.41 1 2
github.com/zyvorai/transiva/daemon/exporters/ctl_exporter.go:195.3,196.1 1 0
github.com/zyvorai/transiva/daemon/exporters/ctl_exporter.go:198.2,198.62 1 2
github.com/zyvorai/transiva/daemon/exporters/ctl_exporter.go:199.3,200.1 1 0
github.com/zyvorai/transiva/daemon/exporters/ctl_exporter.go:202.2,202.12 1 2
github.com/zyvorai/transiva/daemon/exporters/exporter.go:38.2,41.1 1 10
github.com/zyvorai/transiva/daemon/exporters/exporter.go:46.2,48.1 2 0
github.com/zyvorai/transiva/daemon/exporters/exporter.go:52.2,52.31 1 0
github.com/zyvorai/transiva/daemon/exporters/exporter.go:53.3,54.1 1 0
github.com/zyvorai/transiva/daemon/exporters/exporter.go:55.2,55.75 1 0
github.com/zyvorai/transiva/daemon/exporters/exporter.go:61.2,61.37 1 6
github.com/zyvorai/transiva/daemon/exporters/exporter.go:62.3,63.1 1 2
github.com/zyvorai/transiva/daemon/exporters/exporter.go:65.2,67.1 3 4
github.com/zyvorai/transiva/daemon/exporters/exporter.go:68.2,68.16 3 4
github.com/zyvorai/transiva/daemon/exporters/exporter.go:70.3,70.49 1 0
github.com/zyvorai/transiva/daemon/exporters/exporter.go:73.3,73.50 1 0
github.com/zyvorai/transiva/daemon/exporters/exporter.go:76.3,76.53 1 0
github.com/zyvorai/transiva/daemon/exporters/exporter.go:79.3,79.39 1 4
github.com/zyvorai/transiva/daemon/exporters/exporter.go:82.3,82.62 1 0
github.com/zyvorai/transiva/daemon/exporters/exporter.go:88.2,90.1 2 1
github.com/zyvorai/transiva/daemon/exporters/exporter.go:94.2,99.1 3 2
github.com/zyvorai/transiva/daemon/exporters/exporter.go:101.2,102.33 3 2
github.com/zyvorai/transiva/daemon/exporters/exporter.go:103.3,103.37 1 8
github.com/zyvorai/transiva/daemon/exporters/exporter.go:104.4,105.1 1 2
github.com/zyvorai/transiva/daemon/exporters/exporter.go:108.2,108.18 1 2
github.com/zyvorai/transiva/daemon/exporters/exporter.go:113.2,114.1 1 5
github.com/zyvorai/transiva/daemon/exporters/exporter.go:118.2,119.1 1 1
github.com/zyvorai/transiva/daemon/exporters/govc_exporter.go:27.2,30.1 1 5
github.com/zyvorai/transiva/daemon/exporters/govc_exporter.go:36.2,36.40 1 1
github.com/zyvorai/transiva/daemon/exporters/govc_exporter.go:37.3,38.1 1 1
github.com/zyvorai/transiva/daemon/exporters/govc_exporter.go:40.2,41.1 6 0
github.com/zyvorai/transiva/daemon/exporters/govc_exporter.go:43.2,47.1 6 0
github.com/zyvorai/transiva/daemon/exporters/govc_exporter.go:48.2,48.26 6 0
github.com/zyvorai/transiva/daemon/exporters/govc_exporter.go:49.3,50.1 1 0
github.com/zyvorai/transiva/daemon/exporters/govc_exporter.go:54.2,59.1 6 0
github.com/zyvorai/transiva/daemon/exporters/govc_exporter.go:66.2,68.1 6 0
github.com/zyvorai/transiva/daemon/exporters/govc_exporter.go:70.2,71.16 6 0
github.com/zyvorai/transiva/daemon/exporters/govc_exporter.go:72.3,73.1 1 0
github.com/zyvorai/transiva/daemon/exporters/govc_exporter.go:75.2,76.16 2 0
github.com/zyvorai/transiva/daemon/exporters/govc_exporter.go:77.3,78.1 1 0
github.com/zyvorai/transiva/daemon/exporters/govc_exporter.go:81.2,81.29 1 0
github.com/zyvorai/transiva/daemon/exporters/govc_exporter.go:82.3,86.1 1 0
github.com/zyvorai/transiva/daemon/exporters/govc_exporter.go:89.2,89.36 1 0
github.com/zyvorai/transiva/daemon/exporters/govc_exporter.go:90.3,91.1 1 0
github.com/zyvorai/transiva/daemon/exporters/govc_exporter.go:94.2,96.1 5 0
github.com/zyvorai/transiva/daemon/exporters/govc_exporter.go:98.2,100.1 5 0
github.com/zyvorai/transiva/daemon/exporters/govc_exporter.go:102.2,102.35 5 0
github.com/zyvorai/transiva/daemon/exporters/govc_exporter.go:103.3,104.1 1 0
github.com/zyvorai/transiva/daemon/exporters/govc_exporter.go:107.2,110.1 3 0
github.com/zyvorai/transiva/daemon/exporters/govc_exporter.go:113.2,114.1 3 0
github.com/zyvorai/transiva/daemon/exporters/govc_exporter.go:115.2,115.20 3 0
github.com/zyvorai/transiva/daemon/exporters/govc_exporter.go:120.2,121.21 2 0
github.com/zyvorai/transiva/daemon/exporters/govc_exporter.go:122.3,124.1 3 0
github.com/zyvorai/transiva/daemon/exporters/govc_exporter.go:125.3,125.30 3 0
github.com/zyvorai/transiva/daemon/exporters/govc_exporter.go:126.4,131.1 1 0
github.com/zyvorai/transiva/daemon/exporters/govc_exporter.go:137.2,138.21 2 3
github.com/zyvorai/transiva/daemon/exporters/govc_exporter.go:139.3,141.1 2 3
github.com/zyvorai/transiva/daemon/exporters/govc_exporter.go:146.2,147.1 1 1
github.com/zyvorai/transiva/daemon/exporters/govc_exporter.go:151.2,151.22 1 6
[...]
github.com/zyvorai/transiva/providers/plugin/manager.go:164.2,164.45 1 0
github.com/zyvorai/transiva/providers/plugin/manager.go:165.3,166.1 1 0
github.com/zyvorai/transiva/providers/plugin/manager.go:169.2,169.48 1 0
github.com/zyvorai/transiva/providers/plugin/manager.go:170.3,171.1 1 0
github.com/zyvorai/transiva/providers/plugin/manager.go:173.2,174.1 2 0
github.com/zyvorai/transiva/providers/plugin/manager.go:175.2,175.12 2 0
github.com/zyvorai/transiva/providers/plugin/manager.go:180.2,182.1 4 0
github.com/zyvorai/transiva/providers/plugin/manager.go:183.2,184.33 4 0
github.com/zyvorai/transiva/providers/plugin/manager.go:185.3,186.1 1 0
github.com/zyvorai/transiva/providers/plugin/manager.go:188.2,188.16 1 0
github.com/zyvorai/transiva/providers/plugin/manager.go:193.2,195.1 4 0
github.com/zyvorai/transiva/providers/plugin/manager.go:196.2,198.1 4 0
github.com/zyvorai/transiva/providers/plugin/manager.go:202.2,202.25 1 0
github.com/zyvorai/transiva/providers/plugin/manager.go:203.3,205.1 2 0
github.com/zyvorai/transiva/providers/plugin/manager.go:207.2,208.16 2 0
github.com/zyvorai/transiva/providers/plugin/manager.go:209.3,210.1 1 0
github.com/zyvorai/transiva/providers/plugin/manager.go:213.2,213.43 1 0
github.com/zyvorai/transiva/providers/plugin/manager.go:214.3,214.44 1 0
github.com/zyvorai/transiva/providers/plugin/manager.go:215.4,218.1 1 0
github.com/zyvorai/transiva/providers/plugin/manager.go:221.2,222.1 3 0
github.com/zyvorai/transiva/providers/plugin/manager.go:223.2,224.1 3 0
github.com/zyvorai/transiva/providers/plugin/manager.go:225.2,225.12 3 0
github.com/zyvorai/transiva/providers/plugin/manager.go:230.2,230.22 1 0
github.com/zyvorai/transiva/providers/plugin/manager.go:231.3,232.1 1 0
github.com/zyvorai/transiva/providers/plugin/manager.go:234.2,234.42 1 0
github.com/zyvorai/transiva/providers/plugin/manager.go:235.3,236.1 1 0
github.com/zyvorai/transiva/providers/plugin/manager.go:238.2,240.1 3 0
github.com/zyvorai/transiva/providers/plugin/manager.go:241.2,241.12 3 0
github.com/zyvorai/transiva/providers/plugin/manager.go:247.2,250.1 3 0
github.com/zyvorai/transiva/providers/plugin/manager.go:254.2,254.35 1 0
github.com/zyvorai/transiva/providers/plugin/manager.go:255.3,255.48 1 0
github.com/zyvorai/transiva/providers/plugin/manager.go:256.4,256.23 1 0
github.com/zyvorai/transiva/providers/plugin/manager.go:257.5,258.1 1 0
github.com/zyvorai/transiva/providers/plugin/manager.go:260.3,260.15 1 0
github.com/zyvorai/transiva/providers/plugin/manager.go:264.2,264.36 1 0
github.com/zyvorai/transiva/providers/plugin/manager.go:265.3,265.50 1 0
github.com/zyvorai/transiva/providers/plugin/manager.go:266.4,266.24 1 0
github.com/zyvorai/transiva/providers/plugin/manager.go:267.5,268.1 1 0
github.com/zyvorai/transiva/providers/plugin/manager.go:273.2,273.13 1 0
github.com/zyvorai/transiva/providers/plugin/manager.go:278.2,280.1 4 0
github.com/zyvorai/transiva/providers/plugin/manager.go:281.2,286.1 4 0
github.com/zyvorai/transiva/providers/plugin/manager.go:288.2,288.33 4 0
github.com/zyvorai/transiva/providers/plugin/manager.go:289.3,289.22 1 0
github.com/zyvorai/transiva/providers/plugin/manager.go:291.4,291.47 1 0
github.com/zyvorai/transiva/providers/plugin/manager.go:293.4,293.47 1 0
github.com/zyvorai/transiva/providers/plugin/manager.go:295.4,295.51 1 0
github.com/zyvorai/transiva/providers/plugin/manager.go:299.2,299.14 1 0
github.com/zyvorai/transiva/providers/plugin/metadata.go:54.2,54.18 1 0
github.com/zyvorai/transiva/providers/plugin/metadata.go:55.3,56.1 1 0
github.com/zyvorai/transiva/providers/plugin/metadata.go:57.2,57.21 1 0
github.com/zyvorai/transiva/providers/plugin/metadata.go:58.3,59.1 1 0
github.com/zyvorai/transiva/providers/plugin/metadata.go:60.2,60.26 1 0
github.com/zyvorai/transiva/providers/plugin/metadata.go:61.3,62.1 1 0
github.com/zyvorai/transiva/providers/plugin/metadata.go:63.2,63.12 1 0
github.com/zyvorai/transiva/providers/plugin/metadata.go:73.2,74.1 1 0
github.com/zyvorai/transiva/providers/plugin/watcher.go:26.2,27.16 2 0
github.com/zyvorai/transiva/providers/plugin/watcher.go:28.3,29.1 1 0
github.com/zyvorai/transiva/providers/plugin/watcher.go:31.2,36.1 3 0
github.com/zyvorai/transiva/providers/plugin/watcher.go:39.2,40.1 3 0
github.com/zyvorai/transiva/providers/plugin/watcher.go:41.2,41.15 3 0
github.com/zyvorai/transiva/providers/plugin/watcher.go:46.2,46.43 1 0
github.com/zyvorai/transiva/providers/plugin/watcher.go:47.3,48.1 1 0
github.com/zyvorai/transiva/providers/plugin/watcher.go:50.2,51.1 2 0
github.com/zyvorai/transiva/providers/plugin/watcher.go:52.2,52.12 2 0
github.com/zyvorai/transiva/providers/plugin/watcher.go:57.2,59.1 2 0
github.com/zyvorai/transiva/providers/plugin/watcher.go:64.2,66.1 3 0
github.com/zyvorai/transiva/providers/plugin/watcher.go:67.2,67.6 3 0
github.com/zyvorai/transiva/providers/plugin/watcher.go:68.3,68.10 1 0
github.com/zyvorai/transiva/providers/plugin/watcher.go:70.4,70.10 1 0
github.com/zyvorai/transiva/providers/plugin/watcher.go:73.4,73.11 1 0
github.com/zyvorai/transiva/providers/plugin/watcher.go:74.5,75.1 1 0
github.com/zyvorai/transiva/providers/plugin/watcher.go:78.4,78.45 1 0
github.com/zyvorai/transiva/providers/plugin/watcher.go:79.5,79.13 1 0
github.com/zyvorai/transiva/providers/plugin/watcher.go:83.4,84.57 2 0
github.com/zyvorai/transiva/providers/plugin/watcher.go:85.5,85.46 1 0
github.com/zyvorai/transiva/providers/plugin/watcher.go:86.6,86.14 1 0
github.com/zyvorai/transiva/providers/plugin/watcher.go:89.4,90.1 2 0
github.com/zyvorai/transiva/providers/plugin/watcher.go:91.4,91.24 2 0
github.com/zyvorai/transiva/providers/plugin/watcher.go:94.4,94.11 1 0
github.com/zyvorai/transiva/providers/plugin/watcher.go:95.5,96.1 1 0
github.com/zyvorai/transiva/providers/plugin/watcher.go:97.4,97.53 1 0
github.com/zyvorai/transiva/providers/plugin/watcher.go:104.2,105.1 3 0
github.com/zyvorai/transiva/providers/plugin/watcher.go:106.2,110.1 3 0
github.com/zyvorai/transiva/providers/plugin/watcher.go:111.2,111.9 3 0
github.com/zyvorai/transiva/providers/plugin/watcher.go:113.3,113.29 1 0
github.com/zyvorai/transiva/providers/plugin/watcher.go:116.3,116.41 1 0
github.com/zyvorai/transiva/providers/plugin/watcher.go:119.3,119.29 1 0
github.com/zyvorai/transiva/providers/plugin/watcher.go:122.3,122.29 1 0
github.com/zyvorai/transiva/providers/plugin/watcher.go:128.2,129.1 3 0
github.com/zyvorai/transiva/providers/plugin/watcher.go:131.2,132.1 3 0
github.com/zyvorai/transiva/providers/plugin/watcher.go:134.2,134.51 3 0
github.com/zyvorai/transiva/providers/plugin/watcher.go:135.3,139.1 2 0
github.com/zyvorai/transiva/providers/plugin/watcher.go:141.2,141.63 1 0
github.com/zyvorai/transiva/providers/plugin/watcher.go:146.2,147.1 3 0
github.com/zyvorai/transiva/providers/plugin/watcher.go:149.2,150.1 3 0
github.com/zyvorai/transiva/providers/plugin/watcher.go:152.2,152.53 3 0
github.com/zyvorai/transiva/providers/plugin/watcher.go:153.3,157.1 2 0
github.com/zyvorai/transiva/providers/plugin/watcher.go:159.2,159.61 1 0
github.com/zyvorai/transiva/providers/plugin/watcher.go:164.2,165.1 2 0
github.com/zyvorai/transiva/providers/plugin/watcher.go:167.2,167.53 2 0
github.com/zyvorai/transiva/providers/plugin/watcher.go:168.3,172.1 2 0
github.com/zyvorai/transiva/providers/plugin/watcher.go:174.2,174.61 1 0
github.com/zyvorai/transiva/providers/plugin/watcher.go:179.2,180.1 2 0
github.com/zyvorai/transiva/providers/plugin/watcher.go:181.2,182.1 2 0
github.com/zyvorai/transiva/providers/openstack/client.go:33.2,33.16 1 0
github.com/zyvorai/transiva/providers/openstack/client.go:34.3,35.1 1 0
github.com/zyvorai/transiva/providers/openstack/client.go:38.2,45.1 3 0
github.com/zyvorai/transiva/providers/openstack/client.go:48.2,49.16 3 0
github.com/zyvorai/transiva/providers/openstack/client.go:50.3,51.1 1 0
github.com/zyvorai/transiva/providers/openstack/client.go:54.2,57.16 2 0
github.com/zyvorai/transiva/providers/openstack/client.go:58.3,59.1 1 0
github.com/zyvorai/transiva/providers/openstack/client.go:62.2,65.16 2 0
github.com/zyvorai/transiva/providers/openstack/client.go:66.3,67.1 1 0
github.com/zyvorai/transiva/providers/openstack/client.go:70.2,76.1 3 0
github.com/zyvorai/transiva/providers/openstack/client.go:77.2,78.1 3 0
github.com/zyvorai/transiva/providers/openstack/client.go:79.2,86.8 3 0
github.com/zyvorai/transiva/providers/openstack/client.go:91.2,92.1 1 0
github.com/zyvorai/transiva/providers/openstack/client.go:96.2,96.105 1 0
github.com/zyvorai/transiva/providers/openstack/client.go:97.3,97.18 1 0
github.com/zyvorai/transiva/providers/openstack/client.go:98.4,99.1 1 0
github.com/zyvorai/transiva/providers/openstack/client.go:101.3,102.17 2 0
github.com/zyvorai/transiva/providers/openstack/client.go:103.4,104.1 1 0
github.com/zyvorai/transiva/providers/openstack/client.go:106.3,107.17 2 0
github.com/zyvorai/transiva/providers/openstack/client.go:108.4,109.1 1 0
github.com/zyvorai/transiva/providers/openstack/client.go:111.3,112.37 2 0
github.com/zyvorai/transiva/providers/openstack/client.go:113.4,121.1 1 0
github.com/zyvorai/transiva/providers/openstack/client.go:123.3,123.24 1 0
github.com/zyvorai/transiva/providers/openstack/client.go:126.2,126.16 1 0
github.com/zyvorai/transiva/providers/openstack/client.go:127.3,128.1 1 0
github.com/zyvorai/transiva/providers/openstack/client.go:130.2,130.37 1 0
github.com/zyvorai/transiva/providers/openstack/client.go:135.2,135.105 1 0
github.com/zyvorai/transiva/providers/openstack/client.go:136.3,136.18 1 0
github.com/zyvorai/transiva/providers/openstack/client.go:137.4,138.1 1 0
github.com/zyvorai/transiva/providers/openstack/client.go:140.3,141.17 2 0
github.com/zyvorai/transiva/providers/openstack/client.go:143.4,143.52 1 0
github.com/zyvorai/transiva/providers/openstack/client.go:144.5,145.1 1 0
github.com/zyvorai/transiva/providers/openstack/client.go:146.4,146.49 1 0
github.com/zyvorai/transiva/providers/openstack/client.go:149.3,156.1 2 0
github.com/zyvorai/transiva/providers/openstack/client.go:158.3,158.19 2 0
github.com/zyvorai/transiva/providers/openstack/client.go:161.2,161.16 1 0
github.com/zyvorai/transiva/providers/openstack/client.go:162.3,163.1 1 0
github.com/zyvorai/transiva/providers/openstack/client.go:165.2,165.36 1 0
github.com/zyvorai/transiva/providers/openstack/client.go:170.2,170.72 1 0
github.com/zyvorai/transiva/providers/openstack/client.go:171.3,171.18 1 0
github.com/zyvorai/transiva/providers/openstack/client.go:172.4,173.1 1 0
github.com/zyvorai/transiva/providers/openstack/client.go:175.3,176.17 2 0
github.com/zyvorai/transiva/providers/openstack/client.go:177.4,178.1 1 0
github.com/zyvorai/transiva/providers/openstack/client.go:180.3,181.13 2 0
github.com/zyvorai/transiva/providers/openstack/client.go:187.2,187.72 1 0
github.com/zyvorai/transiva/providers/openstack/client.go:188.3,188.18 1 0
github.com/zyvorai/transiva/providers/openstack/client.go:189.4,190.1 1 0
github.com/zyvorai/transiva/providers/openstack/client.go:192.3,193.17 2 0
github.com/zyvorai/transiva/providers/openstack/client.go:194.4,195.1 1 0
github.com/zyvorai/transiva/providers/openstack/client.go:197.3,198.13 2 0
github.com/zyvorai/transiva/providers/openstack/client.go:204.2,204.105 1 0
github.com/zyvorai/transiva/providers/openstack/client.go:205.3,205.18 1 0
github.com/zyvorai/transiva/providers/openstack/client.go:206.4,207.1 1 0
github.com/zyvorai/transiva/providers/openstack/client.go:209.3,211.1 3 0
github.com/zyvorai/transiva/providers/openstack/client.go:213.3,214.17 3 0
github.com/zyvorai/transiva/providers/openstack/client.go:215.4,216.1 1 0
github.com/zyvorai/transiva/providers/openstack/client.go:218.3,219.22 2 0
github.com/zyvorai/transiva/providers/openstack/client.go:222.2,222.16 1 0
github.com/zyvorai/transiva/providers/openstack/client.go:223.3,224.1 1 0
github.com/zyvorai/transiva/providers/openstack/client.go:226.2,226.29 1 0
github.com/zyvorai/transiva/providers/openstack/client.go:231.2,235.1 5 0
github.com/zyvorai/transiva/providers/openstack/client.go:236.2,239.1 5 0
github.com/zyvorai/transiva/providers/openstack/client.go:240.2,240.6 5 0
github.com/zyvorai/transiva/providers/openstack/client.go:241.3,241.10 1 0
github.com/zyvorai/transiva/providers/openstack/client.go:243.4,243.20 1 0
github.com/zyvorai/transiva/providers/openstack/client.go:245.4,245.34 1 0
github.com/zyvorai/transiva/providers/openstack/client.go:246.5,247.1 1 0
github.com/zyvorai/transiva/providers/openstack/client.go:249.4,250.18 2 0
github.com/zyvorai/transiva/providers/openstack/client.go:251.5,252.1 1 0
github.com/zyvorai/transiva/providers/openstack/client.go:254.4,259.1 3 0
github.com/zyvorai/transiva/providers/openstack/client.go:260.4,260.38 3 0
github.com/zyvorai/transiva/providers/openstack/client.go:261.5,265.1 2 0
github.com/zyvorai/transiva/providers/openstack/client.go:268.4,268.63 1 0
github.com/zyvorai/transiva/providers/openstack/client.go:269.5,270.1 1 0
github.com/zyvorai/transiva/providers/openstack/client.go:277.2,277.72 1 0
github.com/zyvorai/transiva/providers/openstack/client.go:278.3,278.18 1 0
github.com/zyvorai/transiva/providers/openstack/client.go:279.4,280.1 1 0
github.com/zyvorai/transiva/providers/openstack/client.go:282.3,283.17 2 0
github.com/zyvorai/transiva/providers/openstack/client.go:285.4,285.52 1 0
github.com/zyvorai/transiva/providers/openstack/client.go:286.5,287.1 1 0
github.com/zyvorai/transiva/providers/openstack/client.go:288.4,288.46 1 0
github.com/zyvorai/transiva/providers/openstack/client.go:291.3,292.13 2 0
github.com/zyvorai/transiva/providers/openstack/export.go:46.2,47.1 5 0
github.com/zyvorai/transiva/providers/openstack/export.go:48.2,51.1 5 0
github.com/zyvorai/transiva/providers/openstack/export.go:53.2,55.16 5 0
github.com/zyvorai/transiva/providers/openstack/export.go:56.3,57.1 1 0
github.com/zyvorai/transiva/providers/openstack/export.go:60.2,61.24 2 0
github.com/zyvorai/transiva/providers/openstack/export.go:62.3,63.1 1 0
github.com/zyvorai/transiva/providers/openstack/export.go:65.2,67.16 3 0
github.com/zyvorai/transiva/providers/openstack/export.go:68.3,69.1 1 0
github.com/zyvorai/transiva/providers/openstack/export.go:71.2,77.1 2 0
github.com/zyvorai/transiva/providers/openstack/export.go:80.2,80.28 2 0
github.com/zyvorai/transiva/providers/openstack/export.go:81.3,81.16 1 0
github.com/zyvorai/transiva/providers/openstack/export.go:82.4,83.71 2 0
github.com/zyvorai/transiva/providers/openstack/export.go:84.5,85.1 1 0
github.com/zyvorai/transiva/providers/openstack/export.go:90.2,91.85 2 0
github.com/zyvorai/transiva/providers/openstack/export.go:92.3,93.1 1 0
github.com/zyvorai/transiva/providers/openstack/export.go:96.2,96.26 1 0
github.com/zyvorai/transiva/providers/openstack/export.go:97.3,98.1 3 0
github.com/zyvorai/transiva/providers/openstack/export.go:99.3,100.17 3 0
github.com/zyvorai/transiva/providers/openstack/export.go:101.4,102.1 1 0
github.com/zyvorai/transiva/providers/openstack/export.go:104.3,105.21 2 0
github.com/zyvorai/transiva/providers/openstack/export.go:108.2,109.1 3 0
github.com/zyvorai/transiva/providers/openstack/export.go:110.2,114.1 3 0
github.com/zyvorai/transiva/providers/openstack/export.go:115.2,115.20 3 0
github.com/zyvorai/transiva/providers/openstack/export.go:121.2,122.16 2 0
github.com/zyvorai/transiva/providers/openstack/export.go:123.3,124.1 1 0
github.com/zyvorai/transiva/providers/openstack/export.go:127.2,128.15 2 0
github.com/zyvorai/transiva/providers/openstack/export.go:129.3,129.29 1 0
github.com/zyvorai/transiva/providers/openstack/export.go:130.4,131.1 1 0
github.com/zyvorai/transiva/providers/openstack/export.go:132.4,133.1 1 0
github.com/zyvorai/transiva/providers/openstack/export.go:136.2,137.1 4 0
github.com/zyvorai/transiva/providers/openstack/export.go:138.2,142.1 4 0
github.com/zyvorai/transiva/providers/openstack/export.go:143.2,144.16 4 0
github.com/zyvorai/transiva/providers/openstack/export.go:145.3,146.1 1 0
github.com/zyvorai/transiva/providers/openstack/export.go:148.2,149.1 2 0
github.com/zyvorai/transiva/providers/openstack/export.go:150.2,150.29 2 0
github.com/zyvorai/transiva/providers/openstack/export.go:155.2,155.105 1 0
github.com/zyvorai/transiva/providers/openstack/export.go:156.3,156.18 1 0
github.com/zyvorai/transiva/providers/openstack/export.go:157.4,158.1 1 0
github.com/zyvorai/transiva/providers/openstack/export.go:161.3,162.17 2 0
github.com/zyvorai/transiva/providers/openstack/export.go:163.4,164.1 1 0
github.com/zyvorai/transiva/providers/openstack/export.go:165.3,165.16 1 0
github.com/zyvorai/transiva/providers/openstack/export.go:166.4,166.51 1 0
github.com/zyvorai/transiva/providers/openstack/export.go:167.5,168.1 1 0
github.com/zyvorai/transiva/providers/openstack/export.go:174.3,175.17 2 0
github.com/zyvorai/transiva/providers/openstack/export.go:176.4,177.1 1 0
github.com/zyvorai/transiva/providers/openstack/export.go:178.3,178.16 1 0
github.com/zyvorai/transiva/providers/openstack/export.go:179.4,179.49 1 0
github.com/zyvorai/transiva/providers/openstack/export.go:180.5,181.1 1 0
github.com/zyvorai/transiva/providers/openstack/export.go:185.3,187.1 3 0
github.com/zyvorai/transiva/providers/openstack/export.go:188.3,188.7 3 0
github.com/zyvorai/transiva/providers/openstack/export.go:189.4,190.14 2 0
github.com/zyvorai/transiva/providers/openstack/export.go:191.5,192.15 2 0
github.com/zyvorai/transiva/providers/openstack/export.go:193.6,194.45 2 0
github.com/zyvorai/transiva/providers/openstack/export.go:195.7,197.1 2 0
github.com/zyvorai/transiva/providers/openstack/export.go:199.5,199.18 1 0
github.com/zyvorai/transiva/providers/openstack/export.go:200.6,201.1 1 0
github.com/zyvorai/transiva/providers/openstack/export.go:203.4,203.17 1 0
github.com/zyvorai/transiva/providers/openstack/export.go:204.5,204.21 1 0
github.com/zyvorai/transiva/providers/openstack/export.go:205.6,206.1 1 0
github.com/zyvorai/transiva/providers/openstack/export.go:207.5,207.10 1 0
github.com/zyvorai/transiva/providers/openstack/export.go:211.3,211.22 1 0
github.com/zyvorai/transiva/providers/openstack/export.go:214.2,214.16 1 0
github.com/zyvorai/transiva/providers/openstack/export.go:215.3,216.1 1 0
github.com/zyvorai/transiva/providers/openstack/export.go:218.2,218.28 1 0
github.com/zyvorai/transiva/providers/openstack/export.go:225.2,226.16 2 0
github.com/zyvorai/transiva/providers/openstack/export.go:227.3,228.1 1 0
github.com/zyvorai/transiva/providers/openstack/export.go:229.2,229.15 1 0
github.com/zyvorai/transiva/providers/openstack/export.go:230.3,230.40 1 0
github.com/zyvorai/transiva/providers/openstack/export.go:231.4,232.1 1 0
github.com/zyvorai/transiva/providers/openstack/export.go:235.2,236.16 2 0
github.com/zyvorai/transiva/providers/openstack/export.go:237.3,238.1 1 0
github.com/zyvorai/transiva/providers/openstack/export.go:241.2,243.18 3 0
github.com/zyvorai/transiva/providers/openstack/export.go:244.3,245.1 1 0
github.com/zyvorai/transiva/providers/openstack/export.go:248.2,253.1 2 0
github.com/zyvorai/transiva/providers/openstack/export.go:255.2,255.105 2 0
github.com/zyvorai/transiva/providers/openstack/export.go:256.3,256.18 1 0
github.com/zyvorai/transiva/providers/openstack/export.go:257.4,258.1 1 0
github.com/zyvorai/transiva/providers/openstack/export.go:260.3,261.17 2 0
github.com/zyvorai/transiva/providers/openstack/export.go:262.4,263.1 1 0
github.com/zyvorai/transiva/providers/openstack/export.go:265.3,269.1 2 0
github.com/zyvorai/transiva/providers/openstack/export.go:271.3,271.86 2 0
github.com/zyvorai/transiva/providers/openstack/export.go:273.4,275.1 2 0
github.com/zyvorai/transiva/providers/openstack/export.go:277.3,278.23 2 0
github.com/zyvorai/transiva/providers/openstack/export.go:281.2,281.16 1 0
github.com/zyvorai/transiva/providers/openstack/export.go:282.3,283.1 1 0
github.com/zyvorai/transiva/providers/openstack/export.go:285.2,285.29 1 0
